Analysis & Synthesis report for DUT
Wed Feb 17 23:27:49 2021
Quartus Prime Version 20.1.1 Build 720 11/11/2020 SJ Lite Edition


---------------------
; Table of Contents ;
---------------------
  1. Legal Notice
  2. Analysis & Synthesis Summary
  3. Analysis & Synthesis Settings
  4. Parallel Compilation
  5. Analysis & Synthesis Source Files Read
  6. Analysis & Synthesis Resource Usage Summary
  7. Analysis & Synthesis Resource Utilization by Entity
  8. General Register Statistics
  9. Port Connectivity Checks: "BCDpart3:add_instance|BCD_ADD:f11|FourBitBCD:f0|FourBitAdder:f7"
 10. Port Connectivity Checks: "BCDpart3:add_instance|BCD_ADD:f11|FourBitBCD:f0"
 11. Port Connectivity Checks: "BCDpart3:add_instance|BCD_ADD:f11"
 12. Port Connectivity Checks: "BCDpart3:add_instance|AND_2:f10"
 13. Port Connectivity Checks: "BCDpart3:add_instance|AND_2:f9"
 14. Port Connectivity Checks: "BCDpart3:add_instance|AND_2:f8"
 15. Analysis & Synthesis Messages



----------------
; Legal Notice ;
----------------
Copyright (C) 2020  Intel Corporation. All rights reserved.
Your use of Intel Corporation's design tools, logic functions 
and other software and tools, and any partner logic 
functions, and any output files from any of the foregoing 
(including device programming or simulation files), and any 
associated documentation or information are expressly subject 
to the terms and conditions of the Intel Program License 
Subscription Agreement, the Intel Quartus Prime License Agreement,
the Intel FPGA IP License Agreement, or other applicable license
agreement, including, without limitation, that your use is for
the sole purpose of programming logic devices manufactured by
Intel and sold by Intel or its authorized distributors.  Please
refer to the applicable agreement for further details, at
https://fpgasoftware.intel.com/eula.



+---------------------------------------------------------------------------+
; Analysis & Synthesis Summary                                              ;
+-----------------------------+---------------------------------------------+
; Analysis & Synthesis Status ; Successful - Wed Feb 17 23:27:49 2021       ;
; Quartus Prime Version       ; 20.1.1 Build 720 11/11/2020 SJ Lite Edition ;
; Revision Name               ; DUT                                         ;
; Top-level Entity Name       ; DUT                                         ;
; Family                      ; MAX V                                       ;
; Total logic elements        ; 28                                          ;
; Total pins                  ; 16                                          ;
; Total virtual pins          ; 0                                           ;
; UFM blocks                  ; 0 / 1 ( 0 % )                               ;
+-----------------------------+---------------------------------------------+


+------------------------------------------------------------------------------------------------------------+
; Analysis & Synthesis Settings                                                                              ;
+------------------------------------------------------------------+--------------------+--------------------+
; Option                                                           ; Setting            ; Default Value      ;
+------------------------------------------------------------------+--------------------+--------------------+
; Device                                                           ; 5M1270ZT144C5      ;                    ;
; Top-level entity name                                            ; DUT                ; DUT                ;
; Family name                                                      ; MAX V              ; Cyclone V          ;
; Use smart compilation                                            ; Off                ; Off                ;
; Enable parallel Assembler and Timing Analyzer during compilation ; On                 ; On                 ;
; Enable compact report table                                      ; Off                ; Off                ;
; Restructure Multiplexers                                         ; Auto               ; Auto               ;
; Create Debugging Nodes for IP Cores                              ; Off                ; Off                ;
; Preserve fewer node names                                        ; On                 ; On                 ;
; Intel FPGA IP Evaluation Mode                                    ; Enable             ; Enable             ;
; Verilog Version                                                  ; Verilog_2001       ; Verilog_2001       ;
; VHDL Version                                                     ; VHDL_1993          ; VHDL_1993          ;
; State Machine Processing                                         ; Auto               ; Auto               ;
; Safe State Machine                                               ; Off                ; Off                ;
; Extract Verilog State Machines                                   ; On                 ; On                 ;
; Extract VHDL State Machines                                      ; On                 ; On                 ;
; Ignore Verilog initial constructs                                ; Off                ; Off                ;
; Iteration limit for constant Verilog loops                       ; 5000               ; 5000               ;
; Iteration limit for non-constant Verilog loops                   ; 250                ; 250                ;
; Add Pass-Through Logic to Inferred RAMs                          ; On                 ; On                 ;
; Infer RAMs from Raw Logic                                        ; On                 ; On                 ;
; Parallel Synthesis                                               ; On                 ; On                 ;
; NOT Gate Push-Back                                               ; On                 ; On                 ;
; Power-Up Don't Care                                              ; On                 ; On                 ;
; Remove Redundant Logic Cells                                     ; Off                ; Off                ;
; Remove Duplicate Registers                                       ; On                 ; On                 ;
; Ignore CARRY Buffers                                             ; Off                ; Off                ;
; Ignore CASCADE Buffers                                           ; Off                ; Off                ;
; Ignore GLOBAL Buffers                                            ; Off                ; Off                ;
; Ignore ROW GLOBAL Buffers                                        ; Off                ; Off                ;
; Ignore LCELL Buffers                                             ; Off                ; Off                ;
; Ignore SOFT Buffers                                              ; On                 ; On                 ;
; Limit AHDL Integers to 32 Bits                                   ; Off                ; Off                ;
; Optimization Technique                                           ; Balanced           ; Balanced           ;
; Carry Chain Length                                               ; 70                 ; 70                 ;
; Auto Carry Chains                                                ; On                 ; On                 ;
; Auto Open-Drain Pins                                             ; On                 ; On                 ;
; Perform WYSIWYG Primitive Resynthesis                            ; Off                ; Off                ;
; Auto Shift Register Replacement                                  ; Auto               ; Auto               ;
; Allow Shift Register Merging across Hierarchies                  ; Auto               ; Auto               ;
; Auto Clock Enable Replacement                                    ; On                 ; On                 ;
; Allow Synchronous Control Signals                                ; On                 ; On                 ;
; Force Use of Synchronous Clear Signals                           ; Off                ; Off                ;
; Auto Resource Sharing                                            ; Off                ; Off                ;
; Use LogicLock Constraints during Resource Balancing              ; On                 ; On                 ;
; Ignore translate_off and synthesis_off directives                ; Off                ; Off                ;
; Report Parameter Settings                                        ; On                 ; On                 ;
; Report Source Assignments                                        ; On                 ; On                 ;
; Report Connectivity Checks                                       ; On                 ; On                 ;
; Ignore Maximum Fan-Out Assignments                               ; Off                ; Off                ;
; Synchronization Register Chain Length                            ; 2                  ; 2                  ;
; Power Optimization During Synthesis                              ; Normal compilation ; Normal compilation ;
; HDL message level                                                ; Level2             ; Level2             ;
; Suppress Register Optimization Related Messages                  ; Off                ; Off                ;
; Number of Removed Registers Reported in Synthesis Report         ; 5000               ; 5000               ;
; Number of Swept Nodes Reported in Synthesis Report               ; 5000               ; 5000               ;
; Number of Inverted Registers Reported in Synthesis Report        ; 100                ; 100                ;
; Clock MUX Protection                                             ; On                 ; On                 ;
; Block Design Naming                                              ; Auto               ; Auto               ;
; Synthesis Effort                                                 ; Auto               ; Auto               ;
; Shift Register Replacement - Allow Asynchronous Clear Signal     ; On                 ; On                 ;
; Analysis & Synthesis Message Level                               ; Medium             ; Medium             ;
; Disable Register Merging Across Hierarchies                      ; Auto               ; Auto               ;
+------------------------------------------------------------------+--------------------+--------------------+


+------------------------------------------+
; Parallel Compilation                     ;
+----------------------------+-------------+
; Processors                 ; Number      ;
+----------------------------+-------------+
; Number detected on machine ; 12          ;
; Maximum allowed            ; 6           ;
;                            ;             ;
; Average used               ; 1.00        ;
; Maximum used               ; 1           ;
;                            ;             ;
; Usage by Processor         ; % Time Used ;
;     Processor 1            ; 100.0%      ;
+----------------------------+-------------+


+-------------------------------------------------------------------------------------------------------------------------------+
; Analysis & Synthesis Source Files Read                                                                                        ;
+----------------------------------+-----------------+-----------------+----------------------------------------------+---------+
; File Name with User-Entered Path ; Used in Netlist ; File Type       ; File Name with Absolute Path                 ; Library ;
+----------------------------------+-----------------+-----------------+----------------------------------------------+---------+
; FourBitAdder.vhd                 ; yes             ; User VHDL File  ; S:/EE214_Labs/Lab3/BCDpart3/FourBitAdder.vhd ;         ;
; FourBitBCD.vhd                   ; yes             ; User VHDL File  ; S:/EE214_Labs/Lab3/BCDpart3/FourBitBCD.vhd   ;         ;
; BCD_ADD.vhd                      ; yes             ; User VHDL File  ; S:/EE214_Labs/Lab3/BCDpart3/BCD_ADD.vhd      ;         ;
; Gates.vhdl                       ; yes             ; User VHDL File  ; S:/EE214_Labs/Lab3/BCDpart3/Gates.vhdl       ;         ;
; Full_Adder.vhdl                  ; yes             ; User VHDL File  ; S:/EE214_Labs/Lab3/BCDpart3/Full_Adder.vhdl  ;         ;
; DUT.vhdl                         ; yes             ; User VHDL File  ; S:/EE214_Labs/Lab3/BCDpart3/DUT.vhdl         ;         ;
; BCD.vhd                          ; yes             ; User VHDL File  ; S:/EE214_Labs/Lab3/BCDpart3/BCD.vhd          ;         ;
; BCDpart3.vhd                     ; yes             ; User VHDL File  ; S:/EE214_Labs/Lab3/BCDpart3/BCDpart3.vhd     ;         ;
+----------------------------------+-----------------+-----------------+----------------------------------------------+---------+


+-----------------------------------------------------------------------------------------------------------------------------------------------+
; Analysis & Synthesis Resource Usage Summary                                                                                                   ;
+---------------------------------------------+-------------------------------------------------------------------------------------------------+
; Resource                                    ; Usage                                                                                           ;
+---------------------------------------------+-------------------------------------------------------------------------------------------------+
; Total logic elements                        ; 28                                                                                              ;
;     -- Combinational with no register       ; 28                                                                                              ;
;     -- Register only                        ; 0                                                                                               ;
;     -- Combinational with a register        ; 0                                                                                               ;
;                                             ;                                                                                                 ;
; Logic element usage by number of LUT inputs ;                                                                                                 ;
;     -- 4 input functions                    ; 16                                                                                              ;
;     -- 3 input functions                    ; 11                                                                                              ;
;     -- 2 input functions                    ; 1                                                                                               ;
;     -- 1 input functions                    ; 0                                                                                               ;
;     -- 0 input functions                    ; 0                                                                                               ;
;                                             ;                                                                                                 ;
; Logic elements by mode                      ;                                                                                                 ;
;     -- normal mode                          ; 28                                                                                              ;
;     -- arithmetic mode                      ; 0                                                                                               ;
;     -- qfbk mode                            ; 0                                                                                               ;
;     -- register cascade mode                ; 0                                                                                               ;
;     -- synchronous clear/load mode          ; 0                                                                                               ;
;     -- asynchronous clear/load mode         ; 0                                                                                               ;
;                                             ;                                                                                                 ;
; Total registers                             ; 0                                                                                               ;
; I/O pins                                    ; 16                                                                                              ;
; Maximum fan-out node                        ; BCDpart3:add_instance|BCD_ADD:f11|FourBitBCD:f0|FourBitAdder:f0|Full_Adder:f0|HALF_ADDER:ha|C~0 ;
; Maximum fan-out                             ; 10                                                                                              ;
; Total fan-out                               ; 107                                                                                             ;
; Average fan-out                             ; 2.43                                                                                            ;
+---------------------------------------------+-------------------------------------------------------------------------------------------------+


+-------------------------------------------------------------------------------------------------------------------------------------------------------------------------------------------------------------------------------------------------------------------------------------------------------------------------+
; Analysis & Synthesis Resource Utilization by Entity                                                                                                                                                                                                                                                                     ;
+-----------------------------------+-------------+--------------+------------+------+--------------+--------------+-------------------+------------------+-----------------+------------+--------------------------------------------------------------------------------------------------+--------------+--------------+
; Compilation Hierarchy Node        ; Logic Cells ; LC Registers ; UFM Blocks ; Pins ; Virtual Pins ; LUT-Only LCs ; Register-Only LCs ; LUT/Register LCs ; Carry Chain LCs ; Packed LCs ; Full Hierarchy Name                                                                              ; Entity Name  ; Library Name ;
+-----------------------------------+-------------+--------------+------------+------+--------------+--------------+-------------------+------------------+-----------------+------------+--------------------------------------------------------------------------------------------------+--------------+--------------+
; |DUT                              ; 28 (0)      ; 0            ; 0          ; 16   ; 0            ; 28 (0)       ; 0 (0)             ; 0 (0)            ; 0 (0)           ; 0 (0)      ; |DUT                                                                                             ; DUT          ; work         ;
;    |BCDpart3:add_instance|        ; 28 (0)      ; 0            ; 0          ; 0    ; 0            ; 28 (0)       ; 0 (0)             ; 0 (0)            ; 0 (0)           ; 0 (0)      ; |DUT|BCDpart3:add_instance                                                                       ; BCDpart3     ; work         ;
;       |BCD:f0|                    ; 3 (0)       ; 0            ; 0          ; 0    ; 0            ; 3 (0)        ; 0 (0)             ; 0 (0)            ; 0 (0)           ; 0 (0)      ; |DUT|BCDpart3:add_instance|BCD:f0                                                                ; BCD          ; work         ;
;          |OR_2:f6|                ; 1 (1)       ; 0            ; 0          ; 0    ; 0            ; 1 (1)        ; 0 (0)             ; 0 (0)            ; 0 (0)           ; 0 (0)      ; |DUT|BCDpart3:add_instance|BCD:f0|OR_2:f6                                                        ; OR_2         ; work         ;
;          |OR_2:f7|                ; 1 (1)       ; 0            ; 0          ; 0    ; 0            ; 1 (1)        ; 0 (0)             ; 0 (0)            ; 0 (0)           ; 0 (0)      ; |DUT|BCDpart3:add_instance|BCD:f0|OR_2:f7                                                        ; OR_2         ; work         ;
;          |OR_2:f8|                ; 1 (1)       ; 0            ; 0          ; 0    ; 0            ; 1 (1)        ; 0 (0)             ; 0 (0)            ; 0 (0)           ; 0 (0)      ; |DUT|BCDpart3:add_instance|BCD:f0|OR_2:f8                                                        ; OR_2         ; work         ;
;       |BCD:f1|                    ; 3 (0)       ; 0            ; 0          ; 0    ; 0            ; 3 (0)        ; 0 (0)             ; 0 (0)            ; 0 (0)           ; 0 (0)      ; |DUT|BCDpart3:add_instance|BCD:f1                                                                ; BCD          ; work         ;
;          |OR_2:f4|                ; 1 (1)       ; 0            ; 0          ; 0    ; 0            ; 1 (1)        ; 0 (0)             ; 0 (0)            ; 0 (0)           ; 0 (0)      ; |DUT|BCDpart3:add_instance|BCD:f1|OR_2:f4                                                        ; OR_2         ; work         ;
;          |OR_2:f7|                ; 1 (1)       ; 0            ; 0          ; 0    ; 0            ; 1 (1)        ; 0 (0)             ; 0 (0)            ; 0 (0)           ; 0 (0)      ; |DUT|BCDpart3:add_instance|BCD:f1|OR_2:f7                                                        ; OR_2         ; work         ;
;          |OR_2:f8|                ; 1 (1)       ; 0            ; 0          ; 0    ; 0            ; 1 (1)        ; 0 (0)             ; 0 (0)            ; 0 (0)           ; 0 (0)      ; |DUT|BCDpart3:add_instance|BCD:f1|OR_2:f8                                                        ; OR_2         ; work         ;
;       |BCD_ADD:f11|               ; 10 (0)      ; 0            ; 0          ; 0    ; 0            ; 10 (0)       ; 0 (0)             ; 0 (0)            ; 0 (0)           ; 0 (0)      ; |DUT|BCDpart3:add_instance|BCD_ADD:f11                                                           ; BCD_ADD      ; work         ;
;          |FourBitBCD:f0|          ; 6 (0)       ; 0            ; 0          ; 0    ; 0            ; 6 (0)        ; 0 (0)             ; 0 (0)            ; 0 (0)           ; 0 (0)      ; |DUT|BCDpart3:add_instance|BCD_ADD:f11|FourBitBCD:f0                                             ; FourBitBCD   ; work         ;
;             |FourBitAdder:f0|     ; 3 (0)       ; 0            ; 0          ; 0    ; 0            ; 3 (0)        ; 0 (0)             ; 0 (0)            ; 0 (0)           ; 0 (0)      ; |DUT|BCDpart3:add_instance|BCD_ADD:f11|FourBitBCD:f0|FourBitAdder:f0                             ; FourBitAdder ; work         ;
;                |Full_Adder:f0|    ; 2 (0)       ; 0            ; 0          ; 0    ; 0            ; 2 (0)        ; 0 (0)             ; 0 (0)            ; 0 (0)           ; 0 (0)      ; |DUT|BCDpart3:add_instance|BCD_ADD:f11|FourBitBCD:f0|FourBitAdder:f0|Full_Adder:f0               ; Full_Adder   ; work         ;
;                   |HALF_ADDER:ha| ; 2 (2)       ; 0            ; 0          ; 0    ; 0            ; 2 (2)        ; 0 (0)             ; 0 (0)            ; 0 (0)           ; 0 (0)      ; |DUT|BCDpart3:add_instance|BCD_ADD:f11|FourBitBCD:f0|FourBitAdder:f0|Full_Adder:f0|HALF_ADDER:ha ; HALF_ADDER   ; work         ;
;                |Full_Adder:f2|    ; 1 (0)       ; 0            ; 0          ; 0    ; 0            ; 1 (0)        ; 0 (0)             ; 0 (0)            ; 0 (0)           ; 0 (0)      ; |DUT|BCDpart3:add_instance|BCD_ADD:f11|FourBitBCD:f0|FourBitAdder:f0|Full_Adder:f2               ; Full_Adder   ; work         ;
;                   |AND_2:a1|      ; 1 (1)       ; 0            ; 0          ; 0    ; 0            ; 1 (1)        ; 0 (0)             ; 0 (0)            ; 0 (0)           ; 0 (0)      ; |DUT|BCDpart3:add_instance|BCD_ADD:f11|FourBitBCD:f0|FourBitAdder:f0|Full_Adder:f2|AND_2:a1      ; AND_2        ; work         ;
;             |FourBitAdder:f7|     ; 1 (0)       ; 0            ; 0          ; 0    ; 0            ; 1 (0)        ; 0 (0)             ; 0 (0)            ; 0 (0)           ; 0 (0)      ; |DUT|BCDpart3:add_instance|BCD_ADD:f11|FourBitBCD:f0|FourBitAdder:f7                             ; FourBitAdder ; work         ;
;                |Full_Adder:f2|    ; 1 (0)       ; 0            ; 0          ; 0    ; 0            ; 1 (0)        ; 0 (0)             ; 0 (0)            ; 0 (0)           ; 0 (0)      ; |DUT|BCDpart3:add_instance|BCD_ADD:f11|FourBitBCD:f0|FourBitAdder:f7|Full_Adder:f2               ; Full_Adder   ; work         ;
;                   |XOR_2:x1|      ; 1 (1)       ; 0            ; 0          ; 0    ; 0            ; 1 (1)        ; 0 (0)             ; 0 (0)            ; 0 (0)           ; 0 (0)      ; |DUT|BCDpart3:add_instance|BCD_ADD:f11|FourBitBCD:f0|FourBitAdder:f7|Full_Adder:f2|XOR_2:x1      ; XOR_2        ; work         ;
;             |OR_2:f6|             ; 2 (2)       ; 0            ; 0          ; 0    ; 0            ; 2 (2)        ; 0 (0)             ; 0 (0)            ; 0 (0)           ; 0 (0)      ; |DUT|BCDpart3:add_instance|BCD_ADD:f11|FourBitBCD:f0|OR_2:f6                                     ; OR_2         ; work         ;
;          |FourBitBCD:f1|          ; 4 (0)       ; 0            ; 0          ; 0    ; 0            ; 4 (0)        ; 0 (0)             ; 0 (0)            ; 0 (0)           ; 0 (0)      ; |DUT|BCDpart3:add_instance|BCD_ADD:f11|FourBitBCD:f1                                             ; FourBitBCD   ; work         ;
;             |FourBitAdder:f0|     ; 3 (0)       ; 0            ; 0          ; 0    ; 0            ; 3 (0)        ; 0 (0)             ; 0 (0)            ; 0 (0)           ; 0 (0)      ; |DUT|BCDpart3:add_instance|BCD_ADD:f11|FourBitBCD:f1|FourBitAdder:f0                             ; FourBitAdder ; work         ;
;                |Full_Adder:f1|    ; 2 (0)       ; 0            ; 0          ; 0    ; 0            ; 2 (0)        ; 0 (0)             ; 0 (0)            ; 0 (0)           ; 0 (0)      ; |DUT|BCDpart3:add_instance|BCD_ADD:f11|FourBitBCD:f1|FourBitAdder:f0|Full_Adder:f1               ; Full_Adder   ; work         ;
;                   |OR_2:o1|       ; 1 (1)       ; 0            ; 0          ; 0    ; 0            ; 1 (1)        ; 0 (0)             ; 0 (0)            ; 0 (0)           ; 0 (0)      ; |DUT|BCDpart3:add_instance|BCD_ADD:f11|FourBitBCD:f1|FourBitAdder:f0|Full_Adder:f1|OR_2:o1       ; OR_2         ; work         ;
;                   |XOR_2:x1|      ; 1 (1)       ; 0            ; 0          ; 0    ; 0            ; 1 (1)        ; 0 (0)             ; 0 (0)            ; 0 (0)           ; 0 (0)      ; |DUT|BCDpart3:add_instance|BCD_ADD:f11|FourBitBCD:f1|FourBitAdder:f0|Full_Adder:f1|XOR_2:x1      ; XOR_2        ; work         ;
;                |Full_Adder:f2|    ; 1 (0)       ; 0            ; 0          ; 0    ; 0            ; 1 (0)        ; 0 (0)             ; 0 (0)            ; 0 (0)           ; 0 (0)      ; |DUT|BCDpart3:add_instance|BCD_ADD:f11|FourBitBCD:f1|FourBitAdder:f0|Full_Adder:f2               ; Full_Adder   ; work         ;
;                   |XOR_2:x1|      ; 1 (1)       ; 0            ; 0          ; 0    ; 0            ; 1 (1)        ; 0 (0)             ; 0 (0)            ; 0 (0)           ; 0 (0)      ; |DUT|BCDpart3:add_instance|BCD_ADD:f11|FourBitBCD:f1|FourBitAdder:f0|Full_Adder:f2|XOR_2:x1      ; XOR_2        ; work         ;
;             |OR_2:f6|             ; 1 (1)       ; 0            ; 0          ; 0    ; 0            ; 1 (1)        ; 0 (0)             ; 0 (0)            ; 0 (0)           ; 0 (0)      ; |DUT|BCDpart3:add_instance|BCD_ADD:f11|FourBitBCD:f1|OR_2:f6                                     ; OR_2         ; work         ;
;       |EightBitMUX:f12|           ; 11 (0)      ; 0            ; 0          ; 0    ; 0            ; 11 (0)       ; 0 (0)             ; 0 (0)            ; 0 (0)           ; 0 (0)      ; |DUT|BCDpart3:add_instance|EightBitMUX:f12                                                       ; EightBitMUX  ; work         ;
;          |MUX:m1|                 ; 1 (0)       ; 0            ; 0          ; 0    ; 0            ; 1 (0)        ; 0 (0)             ; 0 (0)            ; 0 (0)           ; 0 (0)      ; |DUT|BCDpart3:add_instance|EightBitMUX:f12|MUX:m1                                                ; MUX          ; work         ;
;             |OR_2:b3|             ; 1 (1)       ; 0            ; 0          ; 0    ; 0            ; 1 (1)        ; 0 (0)             ; 0 (0)            ; 0 (0)           ; 0 (0)      ; |DUT|BCDpart3:add_instance|EightBitMUX:f12|MUX:m1|OR_2:b3                                        ; OR_2         ; work         ;
;          |MUX:m2|                 ; 1 (0)       ; 0            ; 0          ; 0    ; 0            ; 1 (0)        ; 0 (0)             ; 0 (0)            ; 0 (0)           ; 0 (0)      ; |DUT|BCDpart3:add_instance|EightBitMUX:f12|MUX:m2                                                ; MUX          ; work         ;
;             |OR_2:b3|             ; 1 (1)       ; 0            ; 0          ; 0    ; 0            ; 1 (1)        ; 0 (0)             ; 0 (0)            ; 0 (0)           ; 0 (0)      ; |DUT|BCDpart3:add_instance|EightBitMUX:f12|MUX:m2|OR_2:b3                                        ; OR_2         ; work         ;
;          |MUX:m3|                 ; 1 (0)       ; 0            ; 0          ; 0    ; 0            ; 1 (0)        ; 0 (0)             ; 0 (0)            ; 0 (0)           ; 0 (0)      ; |DUT|BCDpart3:add_instance|EightBitMUX:f12|MUX:m3                                                ; MUX          ; work         ;
;             |OR_2:b3|             ; 1 (1)       ; 0            ; 0          ; 0    ; 0            ; 1 (1)        ; 0 (0)             ; 0 (0)            ; 0 (0)           ; 0 (0)      ; |DUT|BCDpart3:add_instance|EightBitMUX:f12|MUX:m3|OR_2:b3                                        ; OR_2         ; work         ;
;          |MUX:m4|                 ; 1 (0)       ; 0            ; 0          ; 0    ; 0            ; 1 (0)        ; 0 (0)             ; 0 (0)            ; 0 (0)           ; 0 (0)      ; |DUT|BCDpart3:add_instance|EightBitMUX:f12|MUX:m4                                                ; MUX          ; work         ;
;             |OR_2:b3|             ; 1 (1)       ; 0            ; 0          ; 0    ; 0            ; 1 (1)        ; 0 (0)             ; 0 (0)            ; 0 (0)           ; 0 (0)      ; |DUT|BCDpart3:add_instance|EightBitMUX:f12|MUX:m4|OR_2:b3                                        ; OR_2         ; work         ;
;          |MUX:m5|                 ; 1 (0)       ; 0            ; 0          ; 0    ; 0            ; 1 (0)        ; 0 (0)             ; 0 (0)            ; 0 (0)           ; 0 (0)      ; |DUT|BCDpart3:add_instance|EightBitMUX:f12|MUX:m5                                                ; MUX          ; work         ;
;             |OR_2:b3|             ; 1 (1)       ; 0            ; 0          ; 0    ; 0            ; 1 (1)        ; 0 (0)             ; 0 (0)            ; 0 (0)           ; 0 (0)      ; |DUT|BCDpart3:add_instance|EightBitMUX:f12|MUX:m5|OR_2:b3                                        ; OR_2         ; work         ;
;          |MUX:m6|                 ; 1 (0)       ; 0            ; 0          ; 0    ; 0            ; 1 (0)        ; 0 (0)             ; 0 (0)            ; 0 (0)           ; 0 (0)      ; |DUT|BCDpart3:add_instance|EightBitMUX:f12|MUX:m6                                                ; MUX          ; work         ;
;             |OR_2:b3|             ; 1 (1)       ; 0            ; 0          ; 0    ; 0            ; 1 (1)        ; 0 (0)             ; 0 (0)            ; 0 (0)           ; 0 (0)      ; |DUT|BCDpart3:add_instance|EightBitMUX:f12|MUX:m6|OR_2:b3                                        ; OR_2         ; work         ;
;          |MUX:m7|                 ; 2 (0)       ; 0            ; 0          ; 0    ; 0            ; 2 (0)        ; 0 (0)             ; 0 (0)            ; 0 (0)           ; 0 (0)      ; |DUT|BCDpart3:add_instance|EightBitMUX:f12|MUX:m7                                                ; MUX          ; work         ;
;             |OR_2:b3|             ; 2 (2)       ; 0            ; 0          ; 0    ; 0            ; 2 (2)        ; 0 (0)             ; 0 (0)            ; 0 (0)           ; 0 (0)      ; |DUT|BCDpart3:add_instance|EightBitMUX:f12|MUX:m7|OR_2:b3                                        ; OR_2         ; work         ;
;          |MUX:m8|                 ; 3 (0)       ; 0            ; 0          ; 0    ; 0            ; 3 (0)        ; 0 (0)             ; 0 (0)            ; 0 (0)           ; 0 (0)      ; |DUT|BCDpart3:add_instance|EightBitMUX:f12|MUX:m8                                                ; MUX          ; work         ;
;             |OR_2:b3|             ; 3 (3)       ; 0            ; 0          ; 0    ; 0            ; 3 (3)        ; 0 (0)             ; 0 (0)            ; 0 (0)           ; 0 (0)      ; |DUT|BCDpart3:add_instance|EightBitMUX:f12|MUX:m8|OR_2:b3                                        ; OR_2         ; work         ;
;       |OR_2:f6|                   ; 1 (1)       ; 0            ; 0          ; 0    ; 0            ; 1 (1)        ; 0 (0)             ; 0 (0)            ; 0 (0)           ; 0 (0)      ; |DUT|BCDpart3:add_instance|OR_2:f6                                                               ; OR_2         ; work         ;
+-----------------------------------+-------------+--------------+------------+------+--------------+--------------+-------------------+------------------+-----------------+------------+--------------------------------------------------------------------------------------------------+--------------+--------------+
Note: For table entries with two numbers listed, the numbers in parentheses indicate the number of resources of the given type used by the specific entity alone. The numbers listed outside of parentheses indicate the total resources of the given type used by the specific entity and all of its sub-entities in the hierarchy.


+------------------------------------------------------+
; General Register Statistics                          ;
+----------------------------------------------+-------+
; Statistic                                    ; Value ;
+----------------------------------------------+-------+
; Total registers                              ; 0     ;
; Number of registers using Synchronous Clear  ; 0     ;
; Number of registers using Synchronous Load   ; 0     ;
; Number of registers using Asynchronous Clear ; 0     ;
; Number of registers using Asynchronous Load  ; 0     ;
; Number of registers using Clock Enable       ; 0     ;
; Number of registers using Preset             ; 0     ;
+----------------------------------------------+-------+


+----------------------------------------------------------------------------------------------------------------+
; Port Connectivity Checks: "BCDpart3:add_instance|BCD_ADD:f11|FourBitBCD:f0|FourBitAdder:f7"                    ;
+------+--------+----------+-------------------------------------------------------------------------------------+
; Port ; Type   ; Severity ; Details                                                                             ;
+------+--------+----------+-------------------------------------------------------------------------------------+
; b0   ; Input  ; Info     ; Stuck at GND                                                                        ;
; b3   ; Input  ; Info     ; Stuck at GND                                                                        ;
; cin  ; Input  ; Info     ; Stuck at GND                                                                        ;
; c    ; Output ; Info     ; Connected to dangling logic. Logic that only feeds a dangling port will be removed. ;
+------+--------+----------+-------------------------------------------------------------------------------------+


+-----------------------------------------------------------------------------+
; Port Connectivity Checks: "BCDpart3:add_instance|BCD_ADD:f11|FourBitBCD:f0" ;
+------+-------+----------+---------------------------------------------------+
; Port ; Type  ; Severity ; Details                                           ;
+------+-------+----------+---------------------------------------------------+
; cin  ; Input ; Info     ; Stuck at GND                                      ;
+------+-------+----------+---------------------------------------------------+


+-------------------------------------------------------------------------------------------------------------------+
; Port Connectivity Checks: "BCDpart3:add_instance|BCD_ADD:f11"                                                     ;
+---------+--------+----------+-------------------------------------------------------------------------------------+
; Port    ; Type   ; Severity ; Details                                                                             ;
+---------+--------+----------+-------------------------------------------------------------------------------------+
; a[7..6] ; Input  ; Info     ; Stuck at GND                                                                        ;
; a[2..1] ; Input  ; Info     ; Stuck at GND                                                                        ;
; a[4]    ; Input  ; Info     ; Stuck at GND                                                                        ;
; c       ; Output ; Info     ; Connected to dangling logic. Logic that only feeds a dangling port will be removed. ;
+---------+--------+----------+-------------------------------------------------------------------------------------+


+-------------------------------------------------------------+
; Port Connectivity Checks: "BCDpart3:add_instance|AND_2:f10" ;
+------+-------+----------+-----------------------------------+
; Port ; Type  ; Severity ; Details                           ;
+------+-------+----------+-----------------------------------+
; a    ; Input ; Info     ; Stuck at VCC                      ;
+------+-------+----------+-----------------------------------+


+------------------------------------------------------------+
; Port Connectivity Checks: "BCDpart3:add_instance|AND_2:f9" ;
+------+-------+----------+----------------------------------+
; Port ; Type  ; Severity ; Details                          ;
+------+-------+----------+----------------------------------+
; a    ; Input ; Info     ; Stuck at VCC                     ;
+------+-------+----------+----------------------------------+


+------------------------------------------------------------+
; Port Connectivity Checks: "BCDpart3:add_instance|AND_2:f8" ;
+------+-------+----------+----------------------------------+
; Port ; Type  ; Severity ; Details                          ;
+------+-------+----------+----------------------------------+
; a    ; Input ; Info     ; Stuck at VCC                     ;
+------+-------+----------+----------------------------------+


+-------------------------------+
; Analysis & Synthesis Messages ;
+-------------------------------+
Info: *******************************************************************
Info: Running Quartus Prime Analysis & Synthesis
    Info: Version 20.1.1 Build 720 11/11/2020 SJ Lite Edition
    Info: Processing started: Wed Feb 17 23:27:40 2021
Info: Command: quartus_map --read_settings_files=on --write_settings_files=off BCDpart3 -c DUT
Warning (18236): Number of processors has not been specified which may cause overloading on shared machines.  Set the global assignment NUM_PARALLEL_PROCESSORS in your QSF to an appropriate value for best performance.
Info (20030): Parallel compilation is enabled and will use 6 of the 6 processors detected
Info (12021): Found 2 design units, including 1 entities, in source file fourbitadder.vhd
    Info (12022): Found design unit 1: FourBitAdder-Struct File: S:/EE214_Labs/Lab3/BCDpart3/FourBitAdder.vhd Line: 11
    Info (12023): Found entity 1: FourBitAdder File: S:/EE214_Labs/Lab3/BCDpart3/FourBitAdder.vhd Line: 7
Info (12021): Found 2 design units, including 1 entities, in source file fourbitbcd.vhd
    Info (12022): Found design unit 1: FourBitBCD-Struct File: S:/EE214_Labs/Lab3/BCDpart3/FourBitBCD.vhd Line: 10
    Info (12023): Found entity 1: FourBitBCD File: S:/EE214_Labs/Lab3/BCDpart3/FourBitBCD.vhd Line: 7
Info (12021): Found 2 design units, including 1 entities, in source file bcd_add.vhd
    Info (12022): Found design unit 1: BCD_ADD-Struct File: S:/EE214_Labs/Lab3/BCDpart3/BCD_ADD.vhd Line: 8
    Info (12023): Found entity 1: BCD_ADD File: S:/EE214_Labs/Lab3/BCDpart3/BCD_ADD.vhd Line: 5
Info (12021): Found 2 design units, including 1 entities, in source file testbench.vhdl
    Info (12022): Found design unit 1: Testbench-Behave File: S:/EE214_Labs/Lab3/BCDpart3/Testbench.vhdl Line: 9
    Info (12023): Found entity 1: Testbench File: S:/EE214_Labs/Lab3/BCDpart3/Testbench.vhdl Line: 7
Warning (12090): Entity "MUX" obtained from "Gates.vhdl" instead of from Quartus Prime megafunction library File: S:/EE214_Labs/Lab3/BCDpart3/Gates.vhdl Line: 71
Info (12021): Found 25 design units, including 12 entities, in source file gates.vhdl
    Info (12022): Found design unit 1: Gates File: S:/EE214_Labs/Lab3/BCDpart3/Gates.vhdl Line: 3
    Info (12022): Found design unit 2: MUX-Struct File: S:/EE214_Labs/Lab3/BCDpart3/Gates.vhdl Line: 75
    Info (12022): Found design unit 3: EightBitMUX-Struct File: S:/EE214_Labs/Lab3/BCDpart3/Gates.vhdl Line: 93
    Info (12022): Found design unit 4: AND4digits-Struct File: S:/EE214_Labs/Lab3/BCDpart3/Gates.vhdl Line: 112
    Info (12022): Found design unit 5: FourBitInverter-Struct File: S:/EE214_Labs/Lab3/BCDpart3/Gates.vhdl Line: 124
    Info (12022): Found design unit 6: INVERTER-Equations File: S:/EE214_Labs/Lab3/BCDpart3/Gates.vhdl Line: 138
    Info (12022): Found design unit 7: AND_2-Equations File: S:/EE214_Labs/Lab3/BCDpart3/Gates.vhdl Line: 150
    Info (12022): Found design unit 8: NAND_2-Equations File: S:/EE214_Labs/Lab3/BCDpart3/Gates.vhdl Line: 161
    Info (12022): Found design unit 9: OR_2-Equations File: S:/EE214_Labs/Lab3/BCDpart3/Gates.vhdl Line: 172
    Info (12022): Found design unit 10: NOR_2-Equations File: S:/EE214_Labs/Lab3/BCDpart3/Gates.vhdl Line: 183
    Info (12022): Found design unit 11: XOR_2-Equations File: S:/EE214_Labs/Lab3/BCDpart3/Gates.vhdl Line: 195
    Info (12022): Found design unit 12: XNOR_2-Equations File: S:/EE214_Labs/Lab3/BCDpart3/Gates.vhdl Line: 206
    Info (12022): Found design unit 13: HALF_ADDER-Equations File: S:/EE214_Labs/Lab3/BCDpart3/Gates.vhdl Line: 217
    Info (12023): Found entity 1: MUX File: S:/EE214_Labs/Lab3/BCDpart3/Gates.vhdl Line: 71
    Info (12023): Found entity 2: EightBitMUX File: S:/EE214_Labs/Lab3/BCDpart3/Gates.vhdl Line: 89
    Info (12023): Found entity 3: AND4digits File: S:/EE214_Labs/Lab3/BCDpart3/Gates.vhdl Line: 109
    Info (12023): Found entity 4: FourBitInverter File: S:/EE214_Labs/Lab3/BCDpart3/Gates.vhdl Line: 121
    Info (12023): Found entity 5: INVERTER File: S:/EE214_Labs/Lab3/BCDpart3/Gates.vhdl Line: 135
    Info (12023): Found entity 6: AND_2 File: S:/EE214_Labs/Lab3/BCDpart3/Gates.vhdl Line: 146
    Info (12023): Found entity 7: NAND_2 File: S:/EE214_Labs/Lab3/BCDpart3/Gates.vhdl Line: 157
    Info (12023): Found entity 8: OR_2 File: S:/EE214_Labs/Lab3/BCDpart3/Gates.vhdl Line: 168
    Info (12023): Found entity 9: NOR_2 File: S:/EE214_Labs/Lab3/BCDpart3/Gates.vhdl Line: 179
    Info (12023): Found entity 10: XOR_2 File: S:/EE214_Labs/Lab3/BCDpart3/Gates.vhdl Line: 191
    Info (12023): Found entity 11: XNOR_2 File: S:/EE214_Labs/Lab3/BCDpart3/Gates.vhdl Line: 202
    Info (12023): Found entity 12: HALF_ADDER File: S:/EE214_Labs/Lab3/BCDpart3/Gates.vhdl Line: 213
Info (12021): Found 2 design units, including 1 entities, in source file full_adder.vhdl
    Info (12022): Found design unit 1: Full_Adder-Struct File: S:/EE214_Labs/Lab3/BCDpart3/Full_Adder.vhdl Line: 10
    Info (12023): Found entity 1: Full_Adder File: S:/EE214_Labs/Lab3/BCDpart3/Full_Adder.vhdl Line: 7
Info (12021): Found 2 design units, including 1 entities, in source file dut.vhdl
    Info (12022): Found design unit 1: DUT-DutWrap File: S:/EE214_Labs/Lab3/BCDpart3/DUT.vhdl Line: 12
    Info (12023): Found entity 1: DUT File: S:/EE214_Labs/Lab3/BCDpart3/DUT.vhdl Line: 7
Info (12021): Found 2 design units, including 1 entities, in source file bcd.vhd
    Info (12022): Found design unit 1: BCD-Struct File: S:/EE214_Labs/Lab3/BCDpart3/BCD.vhd Line: 8
    Info (12023): Found entity 1: BCD File: S:/EE214_Labs/Lab3/BCDpart3/BCD.vhd Line: 5
Info (12021): Found 2 design units, including 1 entities, in source file bcdpart3.vhd
    Info (12022): Found design unit 1: BCDpart3-Struct File: S:/EE214_Labs/Lab3/BCDpart3/BCDpart3.vhd Line: 8
    Info (12023): Found entity 1: BCDpart3 File: S:/EE214_Labs/Lab3/BCDpart3/BCDpart3.vhd Line: 5
Info (12127): Elaborating entity "DUT" for the top level hierarchy
Info (12128): Elaborating entity "BCDpart3" for hierarchy "BCDpart3:add_instance" File: S:/EE214_Labs/Lab3/BCDpart3/DUT.vhdl Line: 20
Warning (10036): Verilog HDL or VHDL warning at BCDpart3.vhd(11): object "temp" assigned a value but never read File: S:/EE214_Labs/Lab3/BCDpart3/BCDpart3.vhd Line: 11
Info (12128): Elaborating entity "BCD" for hierarchy "BCDpart3:add_instance|BCD:f0" File: S:/EE214_Labs/Lab3/BCDpart3/BCDpart3.vhd Line: 14
Info (12128): Elaborating entity "INVERTER" for hierarchy "BCDpart3:add_instance|BCD:f0|INVERTER:f0" File: S:/EE214_Labs/Lab3/BCDpart3/BCD.vhd Line: 12
Info (12128): Elaborating entity "AND_2" for hierarchy "BCDpart3:add_instance|BCD:f0|AND_2:f3" File: S:/EE214_Labs/Lab3/BCDpart3/BCD.vhd Line: 15
Info (12128): Elaborating entity "OR_2" for hierarchy "BCDpart3:add_instance|BCD:f0|OR_2:f4" File: S:/EE214_Labs/Lab3/BCDpart3/BCD.vhd Line: 16
Info (12128): Elaborating entity "AND4digits" for hierarchy "BCDpart3:add_instance|AND4digits:f4" File: S:/EE214_Labs/Lab3/BCDpart3/BCDpart3.vhd Line: 16
Info (12128): Elaborating entity "BCD_ADD" for hierarchy "BCDpart3:add_instance|BCD_ADD:f11" File: S:/EE214_Labs/Lab3/BCDpart3/BCDpart3.vhd Line: 36
Info (12128): Elaborating entity "FourBitBCD" for hierarchy "BCDpart3:add_instance|BCD_ADD:f11|FourBitBCD:f0" File: S:/EE214_Labs/Lab3/BCDpart3/BCD_ADD.vhd Line: 14
Warning (10036): Verilog HDL or VHDL warning at FourBitBCD.vhd(12): object "temp1" assigned a value but never read File: S:/EE214_Labs/Lab3/BCDpart3/FourBitBCD.vhd Line: 12
Info (12128): Elaborating entity "FourBitAdder" for hierarchy "BCDpart3:add_instance|BCD_ADD:f11|FourBitBCD:f0|FourBitAdder:f0" File: S:/EE214_Labs/Lab3/BCDpart3/FourBitBCD.vhd Line: 16
Info (12128): Elaborating entity "Full_Adder" for hierarchy "BCDpart3:add_instance|BCD_ADD:f11|FourBitBCD:f0|FourBitAdder:f0|Full_Adder:f0" File: S:/EE214_Labs/Lab3/BCDpart3/FourBitAdder.vhd Line: 15
Info (12128): Elaborating entity "HALF_ADDER" for hierarchy "BCDpart3:add_instance|BCD_ADD:f11|FourBitBCD:f0|FourBitAdder:f0|Full_Adder:f0|HALF_ADDER:ha" File: S:/EE214_Labs/Lab3/BCDpart3/Full_Adder.vhdl Line: 14
Info (12128): Elaborating entity "XOR_2" for hierarchy "BCDpart3:add_instance|BCD_ADD:f11|FourBitBCD:f0|FourBitAdder:f0|Full_Adder:f0|XOR_2:x1" File: S:/EE214_Labs/Lab3/BCDpart3/Full_Adder.vhdl Line: 22
Info (12128): Elaborating entity "EightBitMUX" for hierarchy "BCDpart3:add_instance|EightBitMUX:f12" File: S:/EE214_Labs/Lab3/BCDpart3/BCDpart3.vhd Line: 37
Info (12128): Elaborating entity "MUX" for hierarchy "BCDpart3:add_instance|EightBitMUX:f12|MUX:m1" File: S:/EE214_Labs/Lab3/BCDpart3/Gates.vhdl Line: 96
Info (21057): Implemented 44 device resources after synthesis - the final resource count might be different
    Info (21058): Implemented 8 input pins
    Info (21059): Implemented 8 output pins
    Info (21061): Implemented 28 logic cells
Info: Quartus Prime Analysis & Synthesis was successful. 0 errors, 4 warnings
    Info: Peak virtual memory: 4760 megabytes
    Info: Processing ended: Wed Feb 17 23:27:49 2021
    Info: Elapsed time: 00:00:09
    Info: Total CPU time (on all processors): 00:00:20


