Timing Analyzer report for DUT
Thu Apr 01 15:49:56 2021
Quartus Prime Version 20.1.1 Build 720 11/11/2020 SJ Lite Edition


---------------------
; Table of Contents ;
---------------------
  1. Legal Notice
  2. Timing Analyzer Summary
  3. Parallel Compilation
  4. Clocks
  5. Fmax Summary
  6. Setup Summary
  7. Hold Summary
  8. Recovery Summary
  9. Removal Summary
 10. Minimum Pulse Width Summary
 11. Setup: 'clock_music'
 12. Setup: 'clk_50'
 13. Hold: 'clk_50'
 14. Hold: 'clock_music'
 15. Setup Transfers
 16. Hold Transfers
 17. Report TCCS
 18. Report RSKM
 19. Unconstrained Paths Summary
 20. Clock Status Summary
 21. Unconstrained Input Ports
 22. Unconstrained Output Ports
 23. Unconstrained Input Ports
 24. Unconstrained Output Ports
 25. Timing Analyzer Messages



----------------
; Legal Notice ;
----------------
Copyright (C) 2020  Intel Corporation. All rights reserved.
Your use of Intel Corporation's design tools, logic functions 
and other software and tools, and any partner logic 
functions, and any output files from any of the foregoing 
(including device programming or simulation files), and any 
associated documentation or information are expressly subject 
to the terms and conditions of the Intel Program License 
Subscription Agreement, the Intel Quartus Prime License Agreement,
the Intel FPGA IP License Agreement, or other applicable license
agreement, including, without limitation, that your use is for
the sole purpose of programming logic devices manufactured by
Intel and sold by Intel or its authorized distributors.  Please
refer to the applicable agreement for further details, at
https://fpgasoftware.intel.com/eula.



+-----------------------------------------------------------------------------+
; Timing Analyzer Summary                                                     ;
+-----------------------+-----------------------------------------------------+
; Quartus Prime Version ; Version 20.1.1 Build 720 11/11/2020 SJ Lite Edition ;
; Timing Analyzer       ; Legacy Timing Analyzer                              ;
; Revision Name         ; DUT                                                 ;
; Device Family         ; MAX V                                               ;
; Device Name           ; 5M1270ZT144C5                                       ;
; Timing Models         ; Final                                               ;
; Delay Model           ; Slow Model                                          ;
; Rise/Fall Delays      ; Unavailable                                         ;
+-----------------------+-----------------------------------------------------+


+------------------------------------------+
; Parallel Compilation                     ;
+----------------------------+-------------+
; Processors                 ; Number      ;
+----------------------------+-------------+
; Number detected on machine ; 12          ;
; Maximum allowed            ; 6           ;
;                            ;             ;
; Average used               ; 1.00        ;
; Maximum used               ; 1           ;
;                            ;             ;
; Usage by Processor         ; % Time Used ;
;     Processor 1            ; 100.0%      ;
+----------------------------+-------------+


+------------------------------------------------------------------------------------------------------------------------------------------------------------------------------------------+
; Clocks                                                                                                                                                                                   ;
+-------------+------+--------+------------+-------+-------+------------+-----------+-------------+-------+--------+-----------+------------+----------+--------+--------+-----------------+
; Clock Name  ; Type ; Period ; Frequency  ; Rise  ; Fall  ; Duty Cycle ; Divide by ; Multiply by ; Phase ; Offset ; Edge List ; Edge Shift ; Inverted ; Master ; Source ; Targets         ;
+-------------+------+--------+------------+-------+-------+------------+-----------+-------------+-------+--------+-----------+------------+----------+--------+--------+-----------------+
; clk_50      ; Base ; 1.000  ; 1000.0 MHz ; 0.000 ; 0.500 ;            ;           ;             ;       ;        ;           ;            ;          ;        ;        ; { clk_50 }      ;
; clock_music ; Base ; 1.000  ; 1000.0 MHz ; 0.000 ; 0.500 ;            ;           ;             ;       ;        ;           ;            ;          ;        ;        ; { clock_music } ;
+-------------+------+--------+------------+-------+-------+------------+-----------+-------------+-------+--------+-----------+------------+----------+--------+--------+-----------------+


+---------------------------------------------------+
; Fmax Summary                                      ;
+------------+-----------------+-------------+------+
; Fmax       ; Restricted Fmax ; Clock Name  ; Note ;
+------------+-----------------+-------------+------+
; 69.68 MHz  ; 69.68 MHz       ; clock_music ;      ;
; 111.22 MHz ; 111.22 MHz      ; clk_50      ;      ;
+------------+-----------------+-------------+------+
This panel reports FMAX for every clock in the design, regardless of the user-specified clock periods.  FMAX is only computed for paths where the source and destination registers or ports are driven by the same clock.  Paths of different clocks, including generated clocks, are ignored.  For paths between a clock and its inversion, FMAX is computed as if the rising and falling edges are scaled along with FMAX, such that the duty cycle (in terms of a percentage) is maintained. Altera recommends that you always use clock constraints and other slack reports for sign-off analysis.


+---------------------------------------+
; Setup Summary                         ;
+-------------+---------+---------------+
; Clock       ; Slack   ; End Point TNS ;
+-------------+---------+---------------+
; clock_music ; -13.352 ; -419.701      ;
; clk_50      ; -7.991  ; -1451.931     ;
+-------------+---------+---------------+


+-------------------------------------+
; Hold Summary                        ;
+-------------+-------+---------------+
; Clock       ; Slack ; End Point TNS ;
+-------------+-------+---------------+
; clk_50      ; 1.660 ; 0.000         ;
; clock_music ; 2.144 ; 0.000         ;
+-------------+-------+---------------+


--------------------
; Recovery Summary ;
--------------------
No paths to report.


-------------------
; Removal Summary ;
-------------------
No paths to report.


+--------------------------------------+
; Minimum Pulse Width Summary          ;
+-------------+--------+---------------+
; Clock       ; Slack  ; End Point TNS ;
+-------------+--------+---------------+
; clk_50      ; -2.289 ; -2.289        ;
; clock_music ; 0.234  ; 0.000         ;
+-------------+--------+---------------+


+--------------------------------------------------------------------------------------------------------------+
; Setup: 'clock_music'                                                                                         ;
+---------+-----------+------------------+--------------+-------------+--------------+------------+------------+
; Slack   ; From Node ; To Node          ; Launch Clock ; Latch Clock ; Relationship ; Clock Skew ; Data Delay ;
+---------+-----------+------------------+--------------+-------------+--------------+------------+------------+
; -13.352 ; count[9]  ; y_present.ga     ; clock_music  ; clock_music ; 1.000        ; 0.000      ; 14.019     ;
; -13.193 ; count[8]  ; y_present.ga     ; clock_music  ; clock_music ; 1.000        ; 0.000      ; 13.860     ;
; -13.079 ; count[9]  ; y_present.pa     ; clock_music  ; clock_music ; 1.000        ; 0.000      ; 13.746     ;
; -13.020 ; count[11] ; y_present.ga     ; clock_music  ; clock_music ; 1.000        ; 0.000      ; 13.687     ;
; -12.920 ; count[8]  ; y_present.pa     ; clock_music  ; clock_music ; 1.000        ; 0.000      ; 13.587     ;
; -12.912 ; count[12] ; y_present.ga     ; clock_music  ; clock_music ; 1.000        ; 0.000      ; 13.579     ;
; -12.760 ; count[14] ; y_present.ga     ; clock_music  ; clock_music ; 1.000        ; 0.000      ; 13.427     ;
; -12.747 ; count[11] ; y_present.pa     ; clock_music  ; clock_music ; 1.000        ; 0.000      ; 13.414     ;
; -12.656 ; count[10] ; y_present.ga     ; clock_music  ; clock_music ; 1.000        ; 0.000      ; 13.323     ;
; -12.639 ; count[12] ; y_present.pa     ; clock_music  ; clock_music ; 1.000        ; 0.000      ; 13.306     ;
; -12.618 ; count[28] ; y_present.ga     ; clock_music  ; clock_music ; 1.000        ; 0.000      ; 13.285     ;
; -12.574 ; count[13] ; y_present.ga     ; clock_music  ; clock_music ; 1.000        ; 0.000      ; 13.241     ;
; -12.487 ; count[14] ; y_present.pa     ; clock_music  ; clock_music ; 1.000        ; 0.000      ; 13.154     ;
; -12.464 ; count[29] ; y_present.ga     ; clock_music  ; clock_music ; 1.000        ; 0.000      ; 13.131     ;
; -12.383 ; count[10] ; y_present.pa     ; clock_music  ; clock_music ; 1.000        ; 0.000      ; 13.050     ;
; -12.346 ; count[9]  ; y_present.Silent ; clock_music  ; clock_music ; 1.000        ; 0.000      ; 13.013     ;
; -12.345 ; count[28] ; y_present.pa     ; clock_music  ; clock_music ; 1.000        ; 0.000      ; 13.012     ;
; -12.301 ; count[13] ; y_present.pa     ; clock_music  ; clock_music ; 1.000        ; 0.000      ; 12.968     ;
; -12.286 ; count[30] ; y_present.ga     ; clock_music  ; clock_music ; 1.000        ; 0.000      ; 12.953     ;
; -12.272 ; count[9]  ; y_present.dha    ; clock_music  ; clock_music ; 1.000        ; 0.000      ; 12.939     ;
; -12.271 ; count[9]  ; y_present.ni     ; clock_music  ; clock_music ; 1.000        ; 0.000      ; 12.938     ;
; -12.253 ; count[23] ; y_present.ga     ; clock_music  ; clock_music ; 1.000        ; 0.000      ; 12.920     ;
; -12.226 ; count[15] ; y_present.ga     ; clock_music  ; clock_music ; 1.000        ; 0.000      ; 12.893     ;
; -12.216 ; count[27] ; y_present.ga     ; clock_music  ; clock_music ; 1.000        ; 0.000      ; 12.883     ;
; -12.191 ; count[29] ; y_present.pa     ; clock_music  ; clock_music ; 1.000        ; 0.000      ; 12.858     ;
; -12.187 ; count[8]  ; y_present.Silent ; clock_music  ; clock_music ; 1.000        ; 0.000      ; 12.854     ;
; -12.121 ; count[18] ; y_present.ga     ; clock_music  ; clock_music ; 1.000        ; 0.000      ; 12.788     ;
; -12.113 ; count[8]  ; y_present.dha    ; clock_music  ; clock_music ; 1.000        ; 0.000      ; 12.780     ;
; -12.112 ; count[8]  ; y_present.ni     ; clock_music  ; clock_music ; 1.000        ; 0.000      ; 12.779     ;
; -12.103 ; count[7]  ; y_present.ga     ; clock_music  ; clock_music ; 1.000        ; 0.000      ; 12.770     ;
; -12.078 ; count[21] ; y_present.ga     ; clock_music  ; clock_music ; 1.000        ; 0.000      ; 12.745     ;
; -12.068 ; count[24] ; y_present.ga     ; clock_music  ; clock_music ; 1.000        ; 0.000      ; 12.735     ;
; -12.014 ; count[11] ; y_present.Silent ; clock_music  ; clock_music ; 1.000        ; 0.000      ; 12.681     ;
; -12.013 ; count[30] ; y_present.pa     ; clock_music  ; clock_music ; 1.000        ; 0.000      ; 12.680     ;
; -11.980 ; count[23] ; y_present.pa     ; clock_music  ; clock_music ; 1.000        ; 0.000      ; 12.647     ;
; -11.958 ; count[9]  ; y_present.re     ; clock_music  ; clock_music ; 1.000        ; 0.000      ; 12.625     ;
; -11.954 ; count[16] ; y_present.ga     ; clock_music  ; clock_music ; 1.000        ; 0.000      ; 12.621     ;
; -11.953 ; count[15] ; y_present.pa     ; clock_music  ; clock_music ; 1.000        ; 0.000      ; 12.620     ;
; -11.943 ; count[27] ; y_present.pa     ; clock_music  ; clock_music ; 1.000        ; 0.000      ; 12.610     ;
; -11.940 ; count[11] ; y_present.dha    ; clock_music  ; clock_music ; 1.000        ; 0.000      ; 12.607     ;
; -11.939 ; count[11] ; y_present.ni     ; clock_music  ; clock_music ; 1.000        ; 0.000      ; 12.606     ;
; -11.926 ; count[25] ; y_present.ga     ; clock_music  ; clock_music ; 1.000        ; 0.000      ; 12.593     ;
; -11.922 ; count[31] ; y_present.ga     ; clock_music  ; clock_music ; 1.000        ; 0.000      ; 12.589     ;
; -11.922 ; count[20] ; y_present.ga     ; clock_music  ; clock_music ; 1.000        ; 0.000      ; 12.589     ;
; -11.908 ; count[1]  ; y_present.ga     ; clock_music  ; clock_music ; 1.000        ; 0.000      ; 12.575     ;
; -11.906 ; count[12] ; y_present.Silent ; clock_music  ; clock_music ; 1.000        ; 0.000      ; 12.573     ;
; -11.906 ; count[26] ; y_present.ga     ; clock_music  ; clock_music ; 1.000        ; 0.000      ; 12.573     ;
; -11.902 ; count[9]  ; y_present.ma     ; clock_music  ; clock_music ; 1.000        ; 0.000      ; 12.569     ;
; -11.848 ; count[3]  ; y_present.ga     ; clock_music  ; clock_music ; 1.000        ; 0.000      ; 12.515     ;
; -11.848 ; count[18] ; y_present.pa     ; clock_music  ; clock_music ; 1.000        ; 0.000      ; 12.515     ;
; -11.834 ; count[9]  ; y_present.sa     ; clock_music  ; clock_music ; 1.000        ; 0.000      ; 12.501     ;
; -11.832 ; count[12] ; y_present.dha    ; clock_music  ; clock_music ; 1.000        ; 0.000      ; 12.499     ;
; -11.831 ; count[12] ; y_present.ni     ; clock_music  ; clock_music ; 1.000        ; 0.000      ; 12.498     ;
; -11.830 ; count[7]  ; y_present.pa     ; clock_music  ; clock_music ; 1.000        ; 0.000      ; 12.497     ;
; -11.813 ; count[17] ; y_present.ga     ; clock_music  ; clock_music ; 1.000        ; 0.000      ; 12.480     ;
; -11.805 ; count[21] ; y_present.pa     ; clock_music  ; clock_music ; 1.000        ; 0.000      ; 12.472     ;
; -11.799 ; count[8]  ; y_present.re     ; clock_music  ; clock_music ; 1.000        ; 0.000      ; 12.466     ;
; -11.795 ; count[24] ; y_present.pa     ; clock_music  ; clock_music ; 1.000        ; 0.000      ; 12.462     ;
; -11.770 ; count[19] ; y_present.ga     ; clock_music  ; clock_music ; 1.000        ; 0.000      ; 12.437     ;
; -11.754 ; count[14] ; y_present.Silent ; clock_music  ; clock_music ; 1.000        ; 0.000      ; 12.421     ;
; -11.747 ; count[28] ; y_present.Silent ; clock_music  ; clock_music ; 1.000        ; 0.000      ; 12.414     ;
; -11.743 ; count[8]  ; y_present.ma     ; clock_music  ; clock_music ; 1.000        ; 0.000      ; 12.410     ;
; -11.681 ; count[16] ; y_present.pa     ; clock_music  ; clock_music ; 1.000        ; 0.000      ; 12.348     ;
; -11.680 ; count[14] ; y_present.dha    ; clock_music  ; clock_music ; 1.000        ; 0.000      ; 12.347     ;
; -11.679 ; count[14] ; y_present.ni     ; clock_music  ; clock_music ; 1.000        ; 0.000      ; 12.346     ;
; -11.675 ; count[8]  ; y_present.sa     ; clock_music  ; clock_music ; 1.000        ; 0.000      ; 12.342     ;
; -11.653 ; count[25] ; y_present.pa     ; clock_music  ; clock_music ; 1.000        ; 0.000      ; 12.320     ;
; -11.650 ; count[10] ; y_present.Silent ; clock_music  ; clock_music ; 1.000        ; 0.000      ; 12.317     ;
; -11.649 ; count[31] ; y_present.pa     ; clock_music  ; clock_music ; 1.000        ; 0.000      ; 12.316     ;
; -11.649 ; count[20] ; y_present.pa     ; clock_music  ; clock_music ; 1.000        ; 0.000      ; 12.316     ;
; -11.633 ; count[26] ; y_present.pa     ; clock_music  ; clock_music ; 1.000        ; 0.000      ; 12.300     ;
; -11.626 ; count[11] ; y_present.re     ; clock_music  ; clock_music ; 1.000        ; 0.000      ; 12.293     ;
; -11.593 ; count[29] ; y_present.Silent ; clock_music  ; clock_music ; 1.000        ; 0.000      ; 12.260     ;
; -11.576 ; count[10] ; y_present.dha    ; clock_music  ; clock_music ; 1.000        ; 0.000      ; 12.243     ;
; -11.575 ; count[10] ; y_present.ni     ; clock_music  ; clock_music ; 1.000        ; 0.000      ; 12.242     ;
; -11.570 ; count[0]  ; y_present.ga     ; clock_music  ; clock_music ; 1.000        ; 0.000      ; 12.237     ;
; -11.570 ; count[11] ; y_present.ma     ; clock_music  ; clock_music ; 1.000        ; 0.000      ; 12.237     ;
; -11.568 ; count[13] ; y_present.Silent ; clock_music  ; clock_music ; 1.000        ; 0.000      ; 12.235     ;
; -11.541 ; count[22] ; y_present.ga     ; clock_music  ; clock_music ; 1.000        ; 0.000      ; 12.208     ;
; -11.540 ; count[17] ; y_present.pa     ; clock_music  ; clock_music ; 1.000        ; 0.000      ; 12.207     ;
; -11.538 ; count[28] ; y_present.dha    ; clock_music  ; clock_music ; 1.000        ; 0.000      ; 12.205     ;
; -11.537 ; count[28] ; y_present.ni     ; clock_music  ; clock_music ; 1.000        ; 0.000      ; 12.204     ;
; -11.518 ; count[12] ; y_present.re     ; clock_music  ; clock_music ; 1.000        ; 0.000      ; 12.185     ;
; -11.502 ; count[11] ; y_present.sa     ; clock_music  ; clock_music ; 1.000        ; 0.000      ; 12.169     ;
; -11.497 ; count[19] ; y_present.pa     ; clock_music  ; clock_music ; 1.000        ; 0.000      ; 12.164     ;
; -11.494 ; count[13] ; y_present.dha    ; clock_music  ; clock_music ; 1.000        ; 0.000      ; 12.161     ;
; -11.493 ; count[13] ; y_present.ni     ; clock_music  ; clock_music ; 1.000        ; 0.000      ; 12.160     ;
; -11.462 ; count[12] ; y_present.ma     ; clock_music  ; clock_music ; 1.000        ; 0.000      ; 12.129     ;
; -11.415 ; count[30] ; y_present.Silent ; clock_music  ; clock_music ; 1.000        ; 0.000      ; 12.082     ;
; -11.394 ; count[12] ; y_present.sa     ; clock_music  ; clock_music ; 1.000        ; 0.000      ; 12.061     ;
; -11.384 ; count[29] ; y_present.dha    ; clock_music  ; clock_music ; 1.000        ; 0.000      ; 12.051     ;
; -11.383 ; count[29] ; y_present.ni     ; clock_music  ; clock_music ; 1.000        ; 0.000      ; 12.050     ;
; -11.382 ; count[23] ; y_present.Silent ; clock_music  ; clock_music ; 1.000        ; 0.000      ; 12.049     ;
; -11.366 ; count[14] ; y_present.re     ; clock_music  ; clock_music ; 1.000        ; 0.000      ; 12.033     ;
; -11.345 ; count[27] ; y_present.Silent ; clock_music  ; clock_music ; 1.000        ; 0.000      ; 12.012     ;
; -11.310 ; count[14] ; y_present.ma     ; clock_music  ; clock_music ; 1.000        ; 0.000      ; 11.977     ;
; -11.268 ; count[22] ; y_present.pa     ; clock_music  ; clock_music ; 1.000        ; 0.000      ; 11.935     ;
; -11.262 ; count[10] ; y_present.re     ; clock_music  ; clock_music ; 1.000        ; 0.000      ; 11.929     ;
; -11.250 ; count[18] ; y_present.Silent ; clock_music  ; clock_music ; 1.000        ; 0.000      ; 11.917     ;
; -11.242 ; count[14] ; y_present.sa     ; clock_music  ; clock_music ; 1.000        ; 0.000      ; 11.909     ;
+---------+-----------+------------------+--------------+-------------+--------------+------------+------------+


+-----------------------------------------------------------------------------------------------------------------------------------+
; Setup: 'clk_50'                                                                                                                   ;
+--------+-------------------------+--------------------------+--------------+-------------+--------------+------------+------------+
; Slack  ; From Node               ; To Node                  ; Launch Clock ; Latch Clock ; Relationship ; Clock Skew ; Data Delay ;
+--------+-------------------------+--------------------------+--------------+-------------+--------------+------------+------------+
; -7.991 ; Music:ga1|count_sa2[1]  ; Music:pa1|count_sa4[13]  ; clk_50       ; clk_50      ; 1.000        ; 0.000      ; 8.658      ;
; -7.959 ; Music:sa1|count_sa0[0]  ; Music:pa1|count_sa4[13]  ; clk_50       ; clk_50      ; 1.000        ; 0.000      ; 8.626      ;
; -7.885 ; Music:ma1|count_sa3[13] ; Music:ma1|count_sa3[13]  ; clk_50       ; clk_50      ; 1.000        ; 0.000      ; 8.552      ;
; -7.883 ; Music:ma1|count_sa3[13] ; Music:ma1|count_sa3[16]  ; clk_50       ; clk_50      ; 1.000        ; 0.000      ; 8.550      ;
; -7.831 ; Music:sa1|count_sa0[1]  ; Music:sa1|count_sa0[20]  ; clk_50       ; clk_50      ; 1.000        ; 0.000      ; 8.498      ;
; -7.730 ; Music:ma1|count_sa3[3]  ; Music:ma1|count_sa3[20]  ; clk_50       ; clk_50      ; 1.000        ; 0.000      ; 8.397      ;
; -7.726 ; Music:sa1|count_sa0[0]  ; Music:ni1|count_sa6[11]  ; clk_50       ; clk_50      ; 1.000        ; 0.000      ; 8.393      ;
; -7.724 ; Music:ma1|count_sa3[15] ; Music:ma1|count_sa3[13]  ; clk_50       ; clk_50      ; 1.000        ; 0.000      ; 8.391      ;
; -7.724 ; Music:ma1|count_sa3[12] ; Music:ma1|count_sa3[13]  ; clk_50       ; clk_50      ; 1.000        ; 0.000      ; 8.391      ;
; -7.722 ; Music:ma1|count_sa3[15] ; Music:ma1|count_sa3[16]  ; clk_50       ; clk_50      ; 1.000        ; 0.000      ; 8.389      ;
; -7.722 ; Music:ma1|count_sa3[12] ; Music:ma1|count_sa3[16]  ; clk_50       ; clk_50      ; 1.000        ; 0.000      ; 8.389      ;
; -7.707 ; Music:sa1|count_sa0[0]  ; Music:ni1|count_sa6[10]  ; clk_50       ; clk_50      ; 1.000        ; 0.000      ; 8.374      ;
; -7.705 ; Music:sa1|count_sa0[1]  ; Music:sa1|count_sa0[22]  ; clk_50       ; clk_50      ; 1.000        ; 0.000      ; 8.372      ;
; -7.687 ; Music:ni1|count_sa6[13] ; Music:ni1|count_sa6[16]  ; clk_50       ; clk_50      ; 1.000        ; 0.000      ; 8.354      ;
; -7.685 ; Music:ni1|count_sa6[13] ; Music:ni1|count_sa6[22]  ; clk_50       ; clk_50      ; 1.000        ; 0.000      ; 8.352      ;
; -7.683 ; Music:ni1|count_sa6[15] ; Music:ni1|count_sa6[2]   ; clk_50       ; clk_50      ; 1.000        ; 0.000      ; 8.350      ;
; -7.666 ; Music:sa1|count_sa0[1]  ; Music:dha1|count_sa5[13] ; clk_50       ; clk_50      ; 1.000        ; 0.000      ; 8.333      ;
; -7.652 ; Music:ga1|count_sa2[1]  ; Music:pa1|count_sa4[16]  ; clk_50       ; clk_50      ; 1.000        ; 0.000      ; 8.319      ;
; -7.620 ; Music:sa1|count_sa0[0]  ; Music:pa1|count_sa4[16]  ; clk_50       ; clk_50      ; 1.000        ; 0.000      ; 8.287      ;
; -7.599 ; Music:sa1|count_sa0[1]  ; Music:sa1|count_sa0[12]  ; clk_50       ; clk_50      ; 1.000        ; 0.000      ; 8.266      ;
; -7.596 ; Music:ma1|count_sa3[11] ; Music:ma1|count_sa3[13]  ; clk_50       ; clk_50      ; 1.000        ; 0.000      ; 8.263      ;
; -7.594 ; Music:ma1|count_sa3[11] ; Music:ma1|count_sa3[16]  ; clk_50       ; clk_50      ; 1.000        ; 0.000      ; 8.261      ;
; -7.593 ; Music:ni1|count_sa6[13] ; Music:ni1|count_sa6[15]  ; clk_50       ; clk_50      ; 1.000        ; 0.000      ; 8.260      ;
; -7.568 ; Music:ga1|count_sa2[1]  ; Music:pa1|count_sa4[14]  ; clk_50       ; clk_50      ; 1.000        ; 0.000      ; 8.235      ;
; -7.567 ; Music:ga1|count_sa2[1]  ; Music:pa1|count_sa4[10]  ; clk_50       ; clk_50      ; 1.000        ; 0.000      ; 8.234      ;
; -7.565 ; Music:sa1|count_sa0[1]  ; Music:dha1|count_sa5[14] ; clk_50       ; clk_50      ; 1.000        ; 0.000      ; 8.232      ;
; -7.565 ; Music:sa1|count_sa0[0]  ; Music:ni1|count_sa6[16]  ; clk_50       ; clk_50      ; 1.000        ; 0.000      ; 8.232      ;
; -7.563 ; Music:sa1|count_sa0[0]  ; Music:ni1|count_sa6[22]  ; clk_50       ; clk_50      ; 1.000        ; 0.000      ; 8.230      ;
; -7.561 ; Music:ni1|count_sa6[13] ; Music:ni1|count_sa6[20]  ; clk_50       ; clk_50      ; 1.000        ; 0.000      ; 8.228      ;
; -7.560 ; Music:ni1|count_sa6[15] ; Music:ni1|count_sa6[12]  ; clk_50       ; clk_50      ; 1.000        ; 0.000      ; 8.227      ;
; -7.556 ; Music:ni1|count_sa6[13] ; Music:ni1|count_sa6[21]  ; clk_50       ; clk_50      ; 1.000        ; 0.000      ; 8.223      ;
; -7.552 ; Music:ni1|count_sa6[13] ; Music:ni1|count_sa6[24]  ; clk_50       ; clk_50      ; 1.000        ; 0.000      ; 8.219      ;
; -7.536 ; Music:sa1|count_sa0[0]  ; Music:pa1|count_sa4[14]  ; clk_50       ; clk_50      ; 1.000        ; 0.000      ; 8.203      ;
; -7.535 ; Music:sa1|count_sa0[0]  ; Music:pa1|count_sa4[10]  ; clk_50       ; clk_50      ; 1.000        ; 0.000      ; 8.202      ;
; -7.531 ; Music:sa1|count_sa0[1]  ; Music:dha1|count_sa5[11] ; clk_50       ; clk_50      ; 1.000        ; 0.000      ; 8.198      ;
; -7.495 ; Music:ga1|count_sa2[1]  ; Music:pa1|count_sa4[19]  ; clk_50       ; clk_50      ; 1.000        ; 0.000      ; 8.162      ;
; -7.491 ; Music:ga1|count_sa2[1]  ; Music:pa1|count_sa4[21]  ; clk_50       ; clk_50      ; 1.000        ; 0.000      ; 8.158      ;
; -7.478 ; Music:ga1|count_sa2[1]  ; Music:pa1|count_sa4[26]  ; clk_50       ; clk_50      ; 1.000        ; 0.000      ; 8.145      ;
; -7.472 ; Music:ga1|count_sa2[1]  ; Music:pa1|count_sa4[22]  ; clk_50       ; clk_50      ; 1.000        ; 0.000      ; 8.139      ;
; -7.471 ; Music:sa1|count_sa0[0]  ; Music:ni1|count_sa6[15]  ; clk_50       ; clk_50      ; 1.000        ; 0.000      ; 8.138      ;
; -7.470 ; Music:ga1|count_sa2[1]  ; Music:pa1|count_sa4[15]  ; clk_50       ; clk_50      ; 1.000        ; 0.000      ; 8.137      ;
; -7.463 ; Music:sa1|count_sa0[0]  ; Music:pa1|count_sa4[19]  ; clk_50       ; clk_50      ; 1.000        ; 0.000      ; 8.130      ;
; -7.461 ; Music:ni1|count_sa6[15] ; Music:ni1|count_sa6[14]  ; clk_50       ; clk_50      ; 1.000        ; 0.000      ; 8.128      ;
; -7.460 ; Music:ni1|count_sa6[15] ; Music:ni1|count_sa6[15]  ; clk_50       ; clk_50      ; 1.000        ; 0.000      ; 8.127      ;
; -7.459 ; Music:ni1|count_sa6[15] ; Music:ni1|count_sa6[11]  ; clk_50       ; clk_50      ; 1.000        ; 0.000      ; 8.126      ;
; -7.459 ; Music:sa1|count_sa0[0]  ; Music:pa1|count_sa4[21]  ; clk_50       ; clk_50      ; 1.000        ; 0.000      ; 8.126      ;
; -7.451 ; Music:sa1|count_sa0[1]  ; Music:dha1|count_sa5[21] ; clk_50       ; clk_50      ; 1.000        ; 0.000      ; 8.118      ;
; -7.446 ; Music:sa1|count_sa0[0]  ; Music:pa1|count_sa4[26]  ; clk_50       ; clk_50      ; 1.000        ; 0.000      ; 8.113      ;
; -7.445 ; Music:sa1|count_sa0[1]  ; Music:sa1|count_sa0[9]   ; clk_50       ; clk_50      ; 1.000        ; 0.000      ; 8.112      ;
; -7.442 ; Music:ma1|count_sa3[13] ; Music:ma1|count_sa3[8]   ; clk_50       ; clk_50      ; 1.000        ; 0.000      ; 8.109      ;
; -7.440 ; Music:sa1|count_sa0[0]  ; Music:pa1|count_sa4[22]  ; clk_50       ; clk_50      ; 1.000        ; 0.000      ; 8.107      ;
; -7.439 ; Music:sa1|count_sa0[1]  ; Music:dha1|count_sa5[22] ; clk_50       ; clk_50      ; 1.000        ; 0.000      ; 8.106      ;
; -7.439 ; Music:sa1|count_sa0[0]  ; Music:ni1|count_sa6[20]  ; clk_50       ; clk_50      ; 1.000        ; 0.000      ; 8.106      ;
; -7.438 ; Music:ga1|count_sa2[1]  ; Music:pa1|count_sa4[12]  ; clk_50       ; clk_50      ; 1.000        ; 0.000      ; 8.105      ;
; -7.438 ; Music:sa1|count_sa0[0]  ; Music:pa1|count_sa4[15]  ; clk_50       ; clk_50      ; 1.000        ; 0.000      ; 8.105      ;
; -7.436 ; Music:sa1|count_sa0[1]  ; Music:ni1|count_sa6[11]  ; clk_50       ; clk_50      ; 1.000        ; 0.000      ; 8.103      ;
; -7.434 ; Music:sa1|count_sa0[0]  ; Music:ni1|count_sa6[21]  ; clk_50       ; clk_50      ; 1.000        ; 0.000      ; 8.101      ;
; -7.431 ; Music:sa1|count_sa0[1]  ; Music:dha1|count_sa5[15] ; clk_50       ; clk_50      ; 1.000        ; 0.000      ; 8.098      ;
; -7.430 ; Music:sa1|count_sa0[1]  ; Music:dha1|count_sa5[19] ; clk_50       ; clk_50      ; 1.000        ; 0.000      ; 8.097      ;
; -7.430 ; Music:sa1|count_sa0[0]  ; Music:ni1|count_sa6[24]  ; clk_50       ; clk_50      ; 1.000        ; 0.000      ; 8.097      ;
; -7.420 ; Music:sa1|count_sa0[1]  ; Music:sa1|count_sa0[16]  ; clk_50       ; clk_50      ; 1.000        ; 0.000      ; 8.087      ;
; -7.417 ; Music:sa1|count_sa0[1]  ; Music:ni1|count_sa6[10]  ; clk_50       ; clk_50      ; 1.000        ; 0.000      ; 8.084      ;
; -7.412 ; Music:sa1|count_sa0[1]  ; Music:sa1|count_sa0[18]  ; clk_50       ; clk_50      ; 1.000        ; 0.000      ; 8.079      ;
; -7.407 ; Music:sa1|count_sa0[1]  ; Music:sa1|count_sa0[21]  ; clk_50       ; clk_50      ; 1.000        ; 0.000      ; 8.074      ;
; -7.406 ; Music:sa1|count_sa0[1]  ; Music:sa1|count_sa0[10]  ; clk_50       ; clk_50      ; 1.000        ; 0.000      ; 8.073      ;
; -7.406 ; Music:sa1|count_sa0[1]  ; Music:dha1|count_sa5[26] ; clk_50       ; clk_50      ; 1.000        ; 0.000      ; 8.073      ;
; -7.406 ; Music:sa1|count_sa0[0]  ; Music:pa1|count_sa4[12]  ; clk_50       ; clk_50      ; 1.000        ; 0.000      ; 8.073      ;
; -7.400 ; Music:sa1|count_sa0[1]  ; Music:sa1|count_sa0[23]  ; clk_50       ; clk_50      ; 1.000        ; 0.000      ; 8.067      ;
; -7.396 ; Music:pa1|count_sa4[10] ; Music:pa1|count_sa4[11]  ; clk_50       ; clk_50      ; 1.000        ; 0.000      ; 8.063      ;
; -7.395 ; Music:pa1|count_sa4[10] ; Music:pa1|count_sa4[9]   ; clk_50       ; clk_50      ; 1.000        ; 0.000      ; 8.062      ;
; -7.394 ; Music:pa1|count_sa4[23] ; Music:pa1|count_sa4[2]   ; clk_50       ; clk_50      ; 1.000        ; 0.000      ; 8.061      ;
; -7.394 ; Music:pa1|count_sa4[23] ; Music:pa1|count_sa4[8]   ; clk_50       ; clk_50      ; 1.000        ; 0.000      ; 8.061      ;
; -7.389 ; Music:ma1|count_sa3[5]  ; Music:ma1|count_sa3[20]  ; clk_50       ; clk_50      ; 1.000        ; 0.000      ; 8.056      ;
; -7.387 ; Music:pa1|count_sa4[23] ; Music:pa1|count_sa4[10]  ; clk_50       ; clk_50      ; 1.000        ; 0.000      ; 8.054      ;
; -7.384 ; Music:pa1|count_sa4[23] ; Music:pa1|count_sa4[6]   ; clk_50       ; clk_50      ; 1.000        ; 0.000      ; 8.051      ;
; -7.367 ; Music:ma1|count_sa3[13] ; Music:ma1|count_sa3[3]   ; clk_50       ; clk_50      ; 1.000        ; 0.000      ; 8.034      ;
; -7.351 ; Music:sa1|count_sa0[0]  ; Music:sa1|count_sa0[20]  ; clk_50       ; clk_50      ; 1.000        ; 0.000      ; 8.018      ;
; -7.348 ; Music:sa1|count_sa0[0]  ; Music:ni1|count_sa6[12]  ; clk_50       ; clk_50      ; 1.000        ; 0.000      ; 8.015      ;
; -7.345 ; Music:ga1|count_sa2[1]  ; Music:ga1|count_sa2[23]  ; clk_50       ; clk_50      ; 1.000        ; 0.000      ; 8.012      ;
; -7.319 ; Music:ga1|count_sa2[1]  ; Music:pa1|count_sa4[11]  ; clk_50       ; clk_50      ; 1.000        ; 0.000      ; 7.986      ;
; -7.318 ; Music:ga1|count_sa2[1]  ; Music:pa1|count_sa4[9]   ; clk_50       ; clk_50      ; 1.000        ; 0.000      ; 7.985      ;
; -7.316 ; Music:sa1|count_sa0[1]  ; Music:sa1|count_sa0[13]  ; clk_50       ; clk_50      ; 1.000        ; 0.000      ; 7.983      ;
; -7.309 ; Music:pa1|count_sa4[23] ; Music:pa1|count_sa4[11]  ; clk_50       ; clk_50      ; 1.000        ; 0.000      ; 7.976      ;
; -7.308 ; Music:pa1|count_sa4[23] ; Music:pa1|count_sa4[9]   ; clk_50       ; clk_50      ; 1.000        ; 0.000      ; 7.975      ;
; -7.303 ; Music:ga1|count_sa2[1]  ; Music:pa1|count_sa4[18]  ; clk_50       ; clk_50      ; 1.000        ; 0.000      ; 7.970      ;
; -7.297 ; Music:pa1|count_sa4[10] ; Music:pa1|count_sa4[16]  ; clk_50       ; clk_50      ; 1.000        ; 0.000      ; 7.964      ;
; -7.291 ; Music:sa1|count_sa0[1]  ; Music:dha1|count_sa5[9]  ; clk_50       ; clk_50      ; 1.000        ; 0.000      ; 7.958      ;
; -7.281 ; Music:ma1|count_sa3[15] ; Music:ma1|count_sa3[8]   ; clk_50       ; clk_50      ; 1.000        ; 0.000      ; 7.948      ;
; -7.281 ; Music:ma1|count_sa3[12] ; Music:ma1|count_sa3[8]   ; clk_50       ; clk_50      ; 1.000        ; 0.000      ; 7.948      ;
; -7.275 ; Music:ni1|count_sa6[13] ; Music:ni1|count_sa6[14]  ; clk_50       ; clk_50      ; 1.000        ; 0.000      ; 7.942      ;
; -7.275 ; Music:sa1|count_sa0[1]  ; Music:ni1|count_sa6[16]  ; clk_50       ; clk_50      ; 1.000        ; 0.000      ; 7.942      ;
; -7.274 ; Music:sa1|count_sa0[0]  ; Music:ga1|count_sa2[23]  ; clk_50       ; clk_50      ; 1.000        ; 0.000      ; 7.941      ;
; -7.273 ; Music:sa1|count_sa0[1]  ; Music:ni1|count_sa6[22]  ; clk_50       ; clk_50      ; 1.000        ; 0.000      ; 7.940      ;
; -7.272 ; Music:ga1|count_sa2[1]  ; Music:pa1|count_sa4[17]  ; clk_50       ; clk_50      ; 1.000        ; 0.000      ; 7.939      ;
; -7.271 ; Music:sa1|count_sa0[0]  ; Music:pa1|count_sa4[18]  ; clk_50       ; clk_50      ; 1.000        ; 0.000      ; 7.938      ;
; -7.268 ; Music:ga1|count_sa2[1]  ; Music:ga1|count_sa2[16]  ; clk_50       ; clk_50      ; 1.000        ; 0.000      ; 7.935      ;
; -7.248 ; Music:sa1|count_sa0[1]  ; Music:sa1|count_sa0[14]  ; clk_50       ; clk_50      ; 1.000        ; 0.000      ; 7.915      ;
; -7.240 ; Music:sa1|count_sa0[0]  ; Music:pa1|count_sa4[17]  ; clk_50       ; clk_50      ; 1.000        ; 0.000      ; 7.907      ;
; -7.232 ; Music:ma1|count_sa3[13] ; Music:ma1|count_sa3[12]  ; clk_50       ; clk_50      ; 1.000        ; 0.000      ; 7.899      ;
; -7.231 ; Music:ga1|count_sa2[1]  ; Music:pa1|count_sa4[20]  ; clk_50       ; clk_50      ; 1.000        ; 0.000      ; 7.898      ;
+--------+-------------------------+--------------------------+--------------+-------------+--------------+------------+------------+


+-----------------------------------------------------------------------------------------------------------------------------------+
; Hold: 'clk_50'                                                                                                                    ;
+-------+--------------------------+--------------------------+--------------+-------------+--------------+------------+------------+
; Slack ; From Node                ; To Node                  ; Launch Clock ; Latch Clock ; Relationship ; Clock Skew ; Data Delay ;
+-------+--------------------------+--------------------------+--------------+-------------+--------------+------------+------------+
; 1.660 ; Music:ga1|toneOut        ; Music:ga1|toneOut        ; clk_50       ; clk_50      ; 0.000        ; 0.000      ; 1.881      ;
; 1.927 ; Music:ma1|toneOut        ; Music:ma1|toneOut        ; clk_50       ; clk_50      ; 0.000        ; 0.000      ; 2.148      ;
; 2.090 ; Music:sa1|count_sa0[0]   ; Music:sa1|count_sa0[0]   ; clk_50       ; clk_50      ; 0.000        ; 0.000      ; 2.311      ;
; 2.118 ; clk_c                    ; clock_music              ; clk_50       ; clk_50      ; 0.000        ; 0.000      ; 2.339      ;
; 2.126 ; Music:sa1|toneOut        ; Music:sa1|toneOut        ; clk_50       ; clk_50      ; 0.000        ; 0.000      ; 2.347      ;
; 2.127 ; timecounter[24]          ; timecounter[19]          ; clk_50       ; clk_50      ; 0.000        ; 0.000      ; 2.348      ;
; 2.141 ; Music:re1|count_sa1[0]   ; Music:re1|count_sa1[0]   ; clk_50       ; clk_50      ; 0.000        ; 0.000      ; 2.362      ;
; 2.147 ; Music:pa1|count_sa4[17]  ; Music:pa1|count_sa4[2]   ; clk_50       ; clk_50      ; 0.000        ; 0.000      ; 2.368      ;
; 2.148 ; Music:pa1|count_sa4[17]  ; Music:pa1|count_sa4[8]   ; clk_50       ; clk_50      ; 0.000        ; 0.000      ; 2.369      ;
; 2.211 ; Music:pa1|toneOut        ; Music:pa1|toneOut        ; clk_50       ; clk_50      ; 0.000        ; 0.000      ; 2.432      ;
; 2.249 ; Music:ma1|count_sa3[0]   ; Music:ma1|count_sa3[0]   ; clk_50       ; clk_50      ; 0.000        ; 0.000      ; 2.470      ;
; 2.386 ; Music:ni1|count_sa6[24]  ; Music:ni1|count_sa6[8]   ; clk_50       ; clk_50      ; 0.000        ; 0.000      ; 2.607      ;
; 2.528 ; Music:ni1|count_sa6[24]  ; Music:ni1|count_sa6[12]  ; clk_50       ; clk_50      ; 0.000        ; 0.000      ; 2.749      ;
; 2.607 ; timecounter[16]          ; timecounter[4]           ; clk_50       ; clk_50      ; 0.000        ; 0.000      ; 2.828      ;
; 2.635 ; Music:ni1|count_sa6[16]  ; Music:ni1|count_sa6[12]  ; clk_50       ; clk_50      ; 0.000        ; 0.000      ; 2.856      ;
; 2.654 ; Music:ma1|count_sa3[17]  ; Music:ma1|count_sa3[13]  ; clk_50       ; clk_50      ; 0.000        ; 0.000      ; 2.875      ;
; 2.654 ; Music:ma1|count_sa3[17]  ; Music:ma1|count_sa3[16]  ; clk_50       ; clk_50      ; 0.000        ; 0.000      ; 2.875      ;
; 2.693 ; clk_c                    ; clk_c                    ; clk_50       ; clk_50      ; 0.000        ; 0.000      ; 2.914      ;
; 2.706 ; timecounter[24]          ; timecounter[18]          ; clk_50       ; clk_50      ; 0.000        ; 0.000      ; 2.927      ;
; 2.710 ; Music:dha1|toneOut       ; Music:dha1|toneOut       ; clk_50       ; clk_50      ; 0.000        ; 0.000      ; 2.931      ;
; 2.713 ; Music:ni1|count_sa6[24]  ; Music:ni1|toneOut        ; clk_50       ; clk_50      ; 0.000        ; 0.000      ; 2.934      ;
; 2.715 ; timecounter[24]          ; timecounter[20]          ; clk_50       ; clk_50      ; 0.000        ; 0.000      ; 2.936      ;
; 2.716 ; timecounter[24]          ; timecounter[22]          ; clk_50       ; clk_50      ; 0.000        ; 0.000      ; 2.937      ;
; 2.718 ; Music:pa1|count_sa4[17]  ; Music:pa1|count_sa4[6]   ; clk_50       ; clk_50      ; 0.000        ; 0.000      ; 2.939      ;
; 2.719 ; Music:pa1|count_sa4[17]  ; Music:pa1|count_sa4[10]  ; clk_50       ; clk_50      ; 0.000        ; 0.000      ; 2.940      ;
; 2.723 ; Music:ni1|count_sa6[24]  ; Music:ni1|count_sa6[15]  ; clk_50       ; clk_50      ; 0.000        ; 0.000      ; 2.944      ;
; 2.725 ; Music:ni1|count_sa6[24]  ; Music:ni1|count_sa6[11]  ; clk_50       ; clk_50      ; 0.000        ; 0.000      ; 2.946      ;
; 2.726 ; Music:ni1|count_sa6[24]  ; Music:ni1|count_sa6[14]  ; clk_50       ; clk_50      ; 0.000        ; 0.000      ; 2.947      ;
; 2.798 ; Music:ma1|count_sa3[24]  ; Music:ma1|count_sa3[16]  ; clk_50       ; clk_50      ; 0.000        ; 0.000      ; 3.019      ;
; 2.799 ; Music:ma1|count_sa3[24]  ; Music:ma1|count_sa3[13]  ; clk_50       ; clk_50      ; 0.000        ; 0.000      ; 3.020      ;
; 2.825 ; Music:sa1|count_sa0[25]  ; Music:sa1|count_sa0[25]  ; clk_50       ; clk_50      ; 0.000        ; 0.000      ; 3.046      ;
; 2.825 ; timecounter[25]          ; timecounter[25]          ; clk_50       ; clk_50      ; 0.000        ; 0.000      ; 3.046      ;
; 2.826 ; Music:ga1|count_sa2[24]  ; Music:ga1|count_sa2[24]  ; clk_50       ; clk_50      ; 0.000        ; 0.000      ; 3.047      ;
; 2.835 ; Music:dha1|count_sa5[23] ; Music:dha1|count_sa5[23] ; clk_50       ; clk_50      ; 0.000        ; 0.000      ; 3.056      ;
; 2.836 ; Music:pa1|count_sa4[24]  ; Music:pa1|count_sa4[24]  ; clk_50       ; clk_50      ; 0.000        ; 0.000      ; 3.057      ;
; 2.847 ; Music:ni1|count_sa6[4]   ; Music:ni1|count_sa6[4]   ; clk_50       ; clk_50      ; 0.000        ; 0.000      ; 3.068      ;
; 2.865 ; Music:ni1|count_sa6[16]  ; Music:ni1|toneOut        ; clk_50       ; clk_50      ; 0.000        ; 0.000      ; 3.086      ;
; 2.983 ; Music:ni1|count_sa6[23]  ; Music:ni1|count_sa6[23]  ; clk_50       ; clk_50      ; 0.000        ; 0.000      ; 3.204      ;
; 2.986 ; Music:pa1|count_sa4[17]  ; Music:pa1|toneOut        ; clk_50       ; clk_50      ; 0.000        ; 0.000      ; 3.207      ;
; 2.988 ; Music:pa1|count_sa4[17]  ; Music:pa1|count_sa4[16]  ; clk_50       ; clk_50      ; 0.000        ; 0.000      ; 3.209      ;
; 2.991 ; Music:dha1|count_sa5[24] ; Music:dha1|count_sa5[24] ; clk_50       ; clk_50      ; 0.000        ; 0.000      ; 3.212      ;
; 2.994 ; Music:pa1|count_sa4[23]  ; Music:pa1|count_sa4[23]  ; clk_50       ; clk_50      ; 0.000        ; 0.000      ; 3.215      ;
; 3.039 ; timecounter[21]          ; timecounter[19]          ; clk_50       ; clk_50      ; 0.000        ; 0.000      ; 3.260      ;
; 3.062 ; Music:dha1|count_sa5[16] ; Music:dha1|count_sa5[15] ; clk_50       ; clk_50      ; 0.000        ; 0.000      ; 3.283      ;
; 3.069 ; Music:dha1|count_sa5[16] ; Music:dha1|count_sa5[14] ; clk_50       ; clk_50      ; 0.000        ; 0.000      ; 3.290      ;
; 3.070 ; Music:dha1|count_sa5[16] ; Music:dha1|toneOut       ; clk_50       ; clk_50      ; 0.000        ; 0.000      ; 3.291      ;
; 3.071 ; Music:dha1|count_sa5[16] ; Music:dha1|count_sa5[13] ; clk_50       ; clk_50      ; 0.000        ; 0.000      ; 3.292      ;
; 3.123 ; Music:ma1|count_sa3[26]  ; Music:ma1|count_sa3[26]  ; clk_50       ; clk_50      ; 0.000        ; 0.000      ; 3.344      ;
; 3.133 ; Music:re1|count_sa1[26]  ; Music:re1|count_sa1[26]  ; clk_50       ; clk_50      ; 0.000        ; 0.000      ; 3.354      ;
; 3.134 ; Music:sa1|count_sa0[26]  ; Music:sa1|count_sa0[26]  ; clk_50       ; clk_50      ; 0.000        ; 0.000      ; 3.355      ;
; 3.140 ; Music:re1|toneOut        ; Music:re1|toneOut        ; clk_50       ; clk_50      ; 0.000        ; 0.000      ; 3.361      ;
; 3.148 ; Music:dha1|count_sa5[3]  ; Music:dha1|count_sa5[5]  ; clk_50       ; clk_50      ; 0.000        ; 0.000      ; 3.369      ;
; 3.156 ; Music:dha1|count_sa5[3]  ; Music:dha1|count_sa5[2]  ; clk_50       ; clk_50      ; 0.000        ; 0.000      ; 3.377      ;
; 3.169 ; Music:pa1|count_sa4[24]  ; Music:pa1|toneOut        ; clk_50       ; clk_50      ; 0.000        ; 0.000      ; 3.390      ;
; 3.178 ; timecounter[16]          ; timecounter[16]          ; clk_50       ; clk_50      ; 0.000        ; 0.000      ; 3.399      ;
; 3.186 ; timecounter[26]          ; timecounter[19]          ; clk_50       ; clk_50      ; 0.000        ; 0.000      ; 3.407      ;
; 3.191 ; Music:sa1|count_sa0[24]  ; Music:sa1|toneOut        ; clk_50       ; clk_50      ; 0.000        ; 0.000      ; 3.412      ;
; 3.195 ; Music:ni1|count_sa6[16]  ; Music:ni1|count_sa6[8]   ; clk_50       ; clk_50      ; 0.000        ; 0.000      ; 3.416      ;
; 3.195 ; Music:dha1|count_sa5[24] ; Music:dha1|count_sa5[12] ; clk_50       ; clk_50      ; 0.000        ; 0.000      ; 3.416      ;
; 3.244 ; Music:dha1|count_sa5[16] ; Music:dha1|count_sa5[5]  ; clk_50       ; clk_50      ; 0.000        ; 0.000      ; 3.465      ;
; 3.266 ; Music:re1|count_sa1[24]  ; Music:re1|count_sa1[14]  ; clk_50       ; clk_50      ; 0.000        ; 0.000      ; 3.487      ;
; 3.303 ; Music:ma1|count_sa3[20]  ; Music:ma1|count_sa3[16]  ; clk_50       ; clk_50      ; 0.000        ; 0.000      ; 3.524      ;
; 3.304 ; Music:ga1|count_sa2[24]  ; Music:ga1|count_sa2[8]   ; clk_50       ; clk_50      ; 0.000        ; 0.000      ; 3.525      ;
; 3.304 ; Music:ma1|count_sa3[20]  ; Music:ma1|count_sa3[13]  ; clk_50       ; clk_50      ; 0.000        ; 0.000      ; 3.525      ;
; 3.315 ; Music:ga1|count_sa2[24]  ; Music:ga1|count_sa2[16]  ; clk_50       ; clk_50      ; 0.000        ; 0.000      ; 3.536      ;
; 3.315 ; Music:dha1|count_sa5[24] ; Music:dha1|count_sa5[2]  ; clk_50       ; clk_50      ; 0.000        ; 0.000      ; 3.536      ;
; 3.317 ; Music:ga1|count_sa2[24]  ; Music:ga1|count_sa2[2]   ; clk_50       ; clk_50      ; 0.000        ; 0.000      ; 3.538      ;
; 3.321 ; timecounter[8]           ; timecounter[10]          ; clk_50       ; clk_50      ; 0.000        ; 0.000      ; 3.542      ;
; 3.322 ; timecounter[8]           ; timecounter[14]          ; clk_50       ; clk_50      ; 0.000        ; 0.000      ; 3.543      ;
; 3.325 ; timecounter[8]           ; timecounter[9]           ; clk_50       ; clk_50      ; 0.000        ; 0.000      ; 3.546      ;
; 3.326 ; Music:ma1|count_sa3[24]  ; Music:ma1|count_sa3[8]   ; clk_50       ; clk_50      ; 0.000        ; 0.000      ; 3.547      ;
; 3.329 ; timecounter[8]           ; clock_music              ; clk_50       ; clk_50      ; 0.000        ; 0.000      ; 3.550      ;
; 3.330 ; timecounter[8]           ; timecounter[12]          ; clk_50       ; clk_50      ; 0.000        ; 0.000      ; 3.551      ;
; 3.399 ; Music:re1|count_sa1[17]  ; Music:re1|count_sa1[4]   ; clk_50       ; clk_50      ; 0.000        ; 0.000      ; 3.620      ;
; 3.400 ; Music:re1|count_sa1[17]  ; Music:re1|count_sa1[7]   ; clk_50       ; clk_50      ; 0.000        ; 0.000      ; 3.621      ;
; 3.409 ; Music:re1|count_sa1[17]  ; Music:re1|count_sa1[0]   ; clk_50       ; clk_50      ; 0.000        ; 0.000      ; 3.630      ;
; 3.410 ; Music:re1|count_sa1[17]  ; Music:re1|count_sa1[1]   ; clk_50       ; clk_50      ; 0.000        ; 0.000      ; 3.631      ;
; 3.420 ; Music:dha1|count_sa5[26] ; Music:dha1|count_sa5[26] ; clk_50       ; clk_50      ; 0.000        ; 0.000      ; 3.641      ;
; 3.422 ; Music:pa1|count_sa4[26]  ; Music:pa1|count_sa4[26]  ; clk_50       ; clk_50      ; 0.000        ; 0.000      ; 3.643      ;
; 3.424 ; Music:ni1|count_sa6[26]  ; Music:ni1|count_sa6[8]   ; clk_50       ; clk_50      ; 0.000        ; 0.000      ; 3.645      ;
; 3.430 ; Music:pa1|count_sa4[24]  ; Music:pa1|count_sa4[16]  ; clk_50       ; clk_50      ; 0.000        ; 0.000      ; 3.651      ;
; 3.453 ; Music:ga1|count_sa2[24]  ; Music:ga1|count_sa2[7]   ; clk_50       ; clk_50      ; 0.000        ; 0.000      ; 3.674      ;
; 3.495 ; Music:sa1|count_sa0[17]  ; Music:sa1|count_sa0[15]  ; clk_50       ; clk_50      ; 0.000        ; 0.000      ; 3.716      ;
; 3.510 ; Music:dha1|count_sa5[24] ; Music:dha1|count_sa5[14] ; clk_50       ; clk_50      ; 0.000        ; 0.000      ; 3.731      ;
; 3.511 ; Music:dha1|count_sa5[24] ; Music:dha1|toneOut       ; clk_50       ; clk_50      ; 0.000        ; 0.000      ; 3.732      ;
; 3.512 ; Music:dha1|count_sa5[24] ; Music:dha1|count_sa5[13] ; clk_50       ; clk_50      ; 0.000        ; 0.000      ; 3.733      ;
; 3.513 ; Music:sa1|count_sa0[2]   ; Music:sa1|count_sa0[7]   ; clk_50       ; clk_50      ; 0.000        ; 0.000      ; 3.734      ;
; 3.514 ; Music:dha1|count_sa5[24] ; Music:dha1|count_sa5[15] ; clk_50       ; clk_50      ; 0.000        ; 0.000      ; 3.735      ;
; 3.519 ; Music:ma1|count_sa3[0]   ; Music:ma1|toneOut        ; clk_50       ; clk_50      ; 0.000        ; 0.000      ; 3.740      ;
; 3.527 ; Music:ma1|count_sa3[0]   ; Music:ma1|count_sa3[1]   ; clk_50       ; clk_50      ; 0.000        ; 0.000      ; 3.748      ;
; 3.555 ; Music:sa1|count_sa0[24]  ; Music:sa1|count_sa0[15]  ; clk_50       ; clk_50      ; 0.000        ; 0.000      ; 3.776      ;
; 3.564 ; Music:sa1|count_sa0[2]   ; Music:sa1|count_sa0[15]  ; clk_50       ; clk_50      ; 0.000        ; 0.000      ; 3.785      ;
; 3.566 ; Music:ni1|count_sa6[26]  ; Music:ni1|count_sa6[12]  ; clk_50       ; clk_50      ; 0.000        ; 0.000      ; 3.787      ;
; 3.584 ; timecounter[20]          ; timecounter[19]          ; clk_50       ; clk_50      ; 0.000        ; 0.000      ; 3.805      ;
; 3.592 ; Music:ma1|count_sa3[4]   ; Music:ma1|toneOut        ; clk_50       ; clk_50      ; 0.000        ; 0.000      ; 3.813      ;
; 3.597 ; Music:pa1|count_sa4[18]  ; Music:pa1|count_sa4[2]   ; clk_50       ; clk_50      ; 0.000        ; 0.000      ; 3.818      ;
; 3.598 ; Music:pa1|count_sa4[18]  ; Music:pa1|count_sa4[8]   ; clk_50       ; clk_50      ; 0.000        ; 0.000      ; 3.819      ;
; 3.599 ; Music:ma1|count_sa3[17]  ; Music:ma1|count_sa3[12]  ; clk_50       ; clk_50      ; 0.000        ; 0.000      ; 3.820      ;
; 3.600 ; Music:ma1|count_sa3[4]   ; Music:ma1|count_sa3[0]   ; clk_50       ; clk_50      ; 0.000        ; 0.000      ; 3.821      ;
; 3.600 ; Music:ma1|count_sa3[4]   ; Music:ma1|count_sa3[1]   ; clk_50       ; clk_50      ; 0.000        ; 0.000      ; 3.821      ;
+-------+--------------------------+--------------------------+--------------+-------------+--------------+------------+------------+


+-------------------------------------------------------------------------------------------------------------------+
; Hold: 'clock_music'                                                                                               ;
+-------+------------------+------------------+--------------+-------------+--------------+------------+------------+
; Slack ; From Node        ; To Node          ; Launch Clock ; Latch Clock ; Relationship ; Clock Skew ; Data Delay ;
+-------+------------------+------------------+--------------+-------------+--------------+------------+------------+
; 2.144 ; count[0]         ; count[0]         ; clock_music  ; clock_music ; 0.000        ; 0.000      ; 2.365      ;
; 2.152 ; y_present.sa     ; y_present.sa     ; clock_music  ; clock_music ; 0.000        ; 0.000      ; 2.373      ;
; 2.156 ; y_present.sa     ; y_present.ni     ; clock_music  ; clock_music ; 0.000        ; 0.000      ; 2.377      ;
; 3.351 ; y_present.ga     ; y_present.ga     ; clock_music  ; clock_music ; 0.000        ; 0.000      ; 3.572      ;
; 3.381 ; count[2]         ; count[2]         ; clock_music  ; clock_music ; 0.000        ; 0.000      ; 3.602      ;
; 3.411 ; count[26]        ; count[26]        ; clock_music  ; clock_music ; 0.000        ; 0.000      ; 3.632      ;
; 3.516 ; count[27]        ; count[27]        ; clock_music  ; clock_music ; 0.000        ; 0.000      ; 3.737      ;
; 3.550 ; y_present.Silent ; y_present.pa     ; clock_music  ; clock_music ; 0.000        ; 0.000      ; 3.771      ;
; 3.551 ; y_present.ma     ; y_present.ga     ; clock_music  ; clock_music ; 0.000        ; 0.000      ; 3.772      ;
; 3.586 ; y_present.Silent ; y_present.Silent ; clock_music  ; clock_music ; 0.000        ; 0.000      ; 3.807      ;
; 3.745 ; y_present.ni     ; y_present.re     ; clock_music  ; clock_music ; 0.000        ; 0.000      ; 3.966      ;
; 3.761 ; y_present.ma     ; y_present.ma     ; clock_music  ; clock_music ; 0.000        ; 0.000      ; 3.982      ;
; 3.800 ; y_present.re     ; y_present.re     ; clock_music  ; clock_music ; 0.000        ; 0.000      ; 4.021      ;
; 3.875 ; y_present.pa     ; y_present.dha    ; clock_music  ; clock_music ; 0.000        ; 0.000      ; 4.096      ;
; 3.948 ; count[26]        ; count[27]        ; clock_music  ; clock_music ; 0.000        ; 0.000      ; 4.169      ;
; 4.151 ; count[24]        ; count[24]        ; clock_music  ; clock_music ; 0.000        ; 0.000      ; 4.372      ;
; 4.579 ; y_present.dha    ; y_present.ma     ; clock_music  ; clock_music ; 0.000        ; 0.000      ; 4.800      ;
; 4.636 ; y_present.re     ; y_present.sa     ; clock_music  ; clock_music ; 0.000        ; 0.000      ; 4.857      ;
; 4.679 ; y_present.ma     ; y_present.Silent ; clock_music  ; clock_music ; 0.000        ; 0.000      ; 4.900      ;
; 4.683 ; y_present.sa     ; y_present.Silent ; clock_music  ; clock_music ; 0.000        ; 0.000      ; 4.904      ;
; 4.692 ; y_present.pa     ; y_present.ma     ; clock_music  ; clock_music ; 0.000        ; 0.000      ; 4.913      ;
; 4.727 ; count[2]         ; y_present.sa     ; clock_music  ; clock_music ; 0.000        ; 0.000      ; 4.948      ;
; 4.878 ; count[2]         ; y_present.re     ; clock_music  ; clock_music ; 0.000        ; 0.000      ; 5.099      ;
; 4.922 ; count[31]        ; count[31]        ; clock_music  ; clock_music ; 0.000        ; 0.000      ; 5.143      ;
; 4.938 ; y_present.ma     ; y_present.pa     ; clock_music  ; clock_music ; 0.000        ; 0.000      ; 5.159      ;
; 4.948 ; y_present.pa     ; y_present.sa     ; clock_music  ; clock_music ; 0.000        ; 0.000      ; 5.169      ;
; 4.977 ; count[3]         ; y_present.pa     ; clock_music  ; clock_music ; 0.000        ; 0.000      ; 5.198      ;
; 5.010 ; y_present.pa     ; y_present.pa     ; clock_music  ; clock_music ; 0.000        ; 0.000      ; 5.231      ;
; 5.013 ; count[3]         ; y_present.Silent ; clock_music  ; clock_music ; 0.000        ; 0.000      ; 5.234      ;
; 5.039 ; count[3]         ; y_present.sa     ; clock_music  ; clock_music ; 0.000        ; 0.000      ; 5.260      ;
; 5.122 ; y_present.sa     ; y_present.pa     ; clock_music  ; clock_music ; 0.000        ; 0.000      ; 5.343      ;
; 5.125 ; count[2]         ; count[3]         ; clock_music  ; clock_music ; 0.000        ; 0.000      ; 5.346      ;
; 5.127 ; count[9]         ; count[9]         ; clock_music  ; clock_music ; 0.000        ; 0.000      ; 5.348      ;
; 5.131 ; count[24]        ; count[27]        ; clock_music  ; clock_music ; 0.000        ; 0.000      ; 5.352      ;
; 5.152 ; count[2]         ; count[4]         ; clock_music  ; clock_music ; 0.000        ; 0.000      ; 5.373      ;
; 5.156 ; y_present.re     ; y_present.ni     ; clock_music  ; clock_music ; 0.000        ; 0.000      ; 5.377      ;
; 5.157 ; y_present.re     ; y_present.dha    ; clock_music  ; clock_music ; 0.000        ; 0.000      ; 5.378      ;
; 5.270 ; count[4]         ; y_present.ni     ; clock_music  ; clock_music ; 0.000        ; 0.000      ; 5.491      ;
; 5.339 ; count[4]         ; y_present.pa     ; clock_music  ; clock_music ; 0.000        ; 0.000      ; 5.560      ;
; 5.350 ; count[7]         ; count[7]         ; clock_music  ; clock_music ; 0.000        ; 0.000      ; 5.571      ;
; 5.375 ; count[4]         ; y_present.Silent ; clock_music  ; clock_music ; 0.000        ; 0.000      ; 5.596      ;
; 5.385 ; y_present.pa     ; y_present.ni     ; clock_music  ; clock_music ; 0.000        ; 0.000      ; 5.606      ;
; 5.401 ; count[24]        ; count[26]        ; clock_music  ; clock_music ; 0.000        ; 0.000      ; 5.622      ;
; 5.431 ; count[25]        ; count[25]        ; clock_music  ; clock_music ; 0.000        ; 0.000      ; 5.652      ;
; 5.455 ; count[26]        ; count[29]        ; clock_music  ; clock_music ; 0.000        ; 0.000      ; 5.676      ;
; 5.478 ; count[10]        ; count[10]        ; clock_music  ; clock_music ; 0.000        ; 0.000      ; 5.699      ;
; 5.496 ; count[1]         ; count[2]         ; clock_music  ; clock_music ; 0.000        ; 0.000      ; 5.717      ;
; 5.524 ; count[26]        ; count[28]        ; clock_music  ; clock_music ; 0.000        ; 0.000      ; 5.745      ;
; 5.538 ; count[3]         ; y_present.re     ; clock_music  ; clock_music ; 0.000        ; 0.000      ; 5.759      ;
; 5.540 ; count[8]         ; count[8]         ; clock_music  ; clock_music ; 0.000        ; 0.000      ; 5.761      ;
; 5.540 ; count[24]        ; count[25]        ; clock_music  ; clock_music ; 0.000        ; 0.000      ; 5.761      ;
; 5.606 ; count[11]        ; count[11]        ; clock_music  ; clock_music ; 0.000        ; 0.000      ; 5.827      ;
; 5.646 ; count[28]        ; count[28]        ; clock_music  ; clock_music ; 0.000        ; 0.000      ; 5.867      ;
; 5.678 ; y_present.re     ; y_present.ga     ; clock_music  ; clock_music ; 0.000        ; 0.000      ; 5.899      ;
; 5.681 ; count[4]         ; count[4]         ; clock_music  ; clock_music ; 0.000        ; 0.000      ; 5.902      ;
; 5.691 ; count[0]         ; count[2]         ; clock_music  ; clock_music ; 0.000        ; 0.000      ; 5.912      ;
; 5.719 ; count[27]        ; count[29]        ; clock_music  ; clock_music ; 0.000        ; 0.000      ; 5.940      ;
; 5.745 ; y_present.sa     ; y_present.dha    ; clock_music  ; clock_music ; 0.000        ; 0.000      ; 5.966      ;
; 5.787 ; count[2]         ; y_present.ni     ; clock_music  ; clock_music ; 0.000        ; 0.000      ; 6.008      ;
; 5.788 ; count[27]        ; count[28]        ; clock_music  ; clock_music ; 0.000        ; 0.000      ; 6.009      ;
; 5.790 ; count[29]        ; count[29]        ; clock_music  ; clock_music ; 0.000        ; 0.000      ; 6.011      ;
; 5.798 ; count[25]        ; count[27]        ; clock_music  ; clock_music ; 0.000        ; 0.000      ; 6.019      ;
; 5.811 ; count[4]         ; y_present.ma     ; clock_music  ; clock_music ; 0.000        ; 0.000      ; 6.032      ;
; 5.888 ; count[4]         ; count[2]         ; clock_music  ; clock_music ; 0.000        ; 0.000      ; 6.109      ;
; 5.956 ; y_present.Silent ; y_present.sa     ; clock_music  ; clock_music ; 0.000        ; 0.000      ; 6.177      ;
; 5.964 ; count[26]        ; count[31]        ; clock_music  ; clock_music ; 0.000        ; 0.000      ; 6.185      ;
; 5.975 ; count[0]         ; y_present.sa     ; clock_music  ; clock_music ; 0.000        ; 0.000      ; 6.196      ;
; 5.999 ; count[2]         ; count[9]         ; clock_music  ; clock_music ; 0.000        ; 0.000      ; 6.220      ;
; 6.041 ; count[3]         ; count[3]         ; clock_music  ; clock_music ; 0.000        ; 0.000      ; 6.262      ;
; 6.044 ; count[8]         ; count[9]         ; clock_music  ; clock_music ; 0.000        ; 0.000      ; 6.265      ;
; 6.050 ; count[7]         ; count[9]         ; clock_music  ; clock_music ; 0.000        ; 0.000      ; 6.271      ;
; 6.066 ; count[4]         ; y_present.re     ; clock_music  ; clock_music ; 0.000        ; 0.000      ; 6.287      ;
; 6.068 ; count[25]        ; count[26]        ; clock_music  ; clock_music ; 0.000        ; 0.000      ; 6.289      ;
; 6.085 ; y_present.ga     ; y_present.sa     ; clock_music  ; clock_music ; 0.000        ; 0.000      ; 6.306      ;
; 6.143 ; count[9]         ; count[10]        ; clock_music  ; clock_music ; 0.000        ; 0.000      ; 6.364      ;
; 6.145 ; count[2]         ; y_present.Silent ; clock_music  ; clock_music ; 0.000        ; 0.000      ; 6.366      ;
; 6.153 ; count[1]         ; y_present.sa     ; clock_music  ; clock_music ; 0.000        ; 0.000      ; 6.374      ;
; 6.163 ; count[2]         ; count[24]        ; clock_music  ; clock_music ; 0.000        ; 0.000      ; 6.384      ;
; 6.164 ; count[2]         ; count[26]        ; clock_music  ; clock_music ; 0.000        ; 0.000      ; 6.385      ;
; 6.169 ; count[2]         ; count[27]        ; clock_music  ; clock_music ; 0.000        ; 0.000      ; 6.390      ;
; 6.199 ; count[30]        ; count[30]        ; clock_music  ; clock_music ; 0.000        ; 0.000      ; 6.420      ;
; 6.208 ; count[2]         ; count[10]        ; clock_music  ; clock_music ; 0.000        ; 0.000      ; 6.429      ;
; 6.217 ; count[2]         ; count[7]         ; clock_music  ; clock_music ; 0.000        ; 0.000      ; 6.438      ;
; 6.228 ; count[27]        ; count[31]        ; clock_music  ; clock_music ; 0.000        ; 0.000      ; 6.449      ;
; 6.242 ; count[7]         ; count[8]         ; clock_music  ; clock_music ; 0.000        ; 0.000      ; 6.463      ;
; 6.273 ; count[28]        ; count[29]        ; clock_music  ; clock_music ; 0.000        ; 0.000      ; 6.494      ;
; 6.276 ; count[2]         ; count[11]        ; clock_music  ; clock_music ; 0.000        ; 0.000      ; 6.497      ;
; 6.288 ; count[26]        ; count[30]        ; clock_music  ; clock_music ; 0.000        ; 0.000      ; 6.509      ;
; 6.289 ; count[1]         ; y_present.pa     ; clock_music  ; clock_music ; 0.000        ; 0.000      ; 6.510      ;
; 6.290 ; count[2]         ; count[25]        ; clock_music  ; clock_music ; 0.000        ; 0.000      ; 6.511      ;
; 6.296 ; count[2]         ; count[8]         ; clock_music  ; clock_music ; 0.000        ; 0.000      ; 6.517      ;
; 6.327 ; count[1]         ; y_present.re     ; clock_music  ; clock_music ; 0.000        ; 0.000      ; 6.548      ;
; 6.364 ; count[8]         ; count[10]        ; clock_music  ; clock_music ; 0.000        ; 0.000      ; 6.585      ;
; 6.370 ; count[7]         ; count[10]        ; clock_music  ; clock_music ; 0.000        ; 0.000      ; 6.591      ;
; 6.378 ; count[24]        ; count[31]        ; clock_music  ; clock_music ; 0.000        ; 0.000      ; 6.599      ;
; 6.393 ; y_present.Silent ; y_present.ni     ; clock_music  ; clock_music ; 0.000        ; 0.000      ; 6.614      ;
; 6.394 ; y_present.Silent ; y_present.dha    ; clock_music  ; clock_music ; 0.000        ; 0.000      ; 6.615      ;
; 6.412 ; count[0]         ; y_present.ni     ; clock_music  ; clock_music ; 0.000        ; 0.000      ; 6.633      ;
; 6.413 ; count[0]         ; y_present.dha    ; clock_music  ; clock_music ; 0.000        ; 0.000      ; 6.634      ;
; 6.416 ; count[24]        ; count[29]        ; clock_music  ; clock_music ; 0.000        ; 0.000      ; 6.637      ;
+-------+------------------+------------------+--------------+-------------+--------------+------------+------------+


+-----------------------------------------------------------------------+
; Setup Transfers                                                       ;
+-------------+-------------+----------+----------+----------+----------+
; From Clock  ; To Clock    ; RR Paths ; FR Paths ; RF Paths ; FF Paths ;
+-------------+-------------+----------+----------+----------+----------+
; clk_50      ; clk_50      ; 7312     ; 0        ; 0        ; 0        ;
; clock_music ; clock_music ; 5209     ; 0        ; 0        ; 0        ;
+-------------+-------------+----------+----------+----------+----------+
Entries labeled "false path" only account for clock-to-clock false paths and not path-based false paths. As a result, actual path counts may be lower than reported.


+-----------------------------------------------------------------------+
; Hold Transfers                                                        ;
+-------------+-------------+----------+----------+----------+----------+
; From Clock  ; To Clock    ; RR Paths ; FR Paths ; RF Paths ; FF Paths ;
+-------------+-------------+----------+----------+----------+----------+
; clk_50      ; clk_50      ; 7312     ; 0        ; 0        ; 0        ;
; clock_music ; clock_music ; 5209     ; 0        ; 0        ; 0        ;
+-------------+-------------+----------+----------+----------+----------+
Entries labeled "false path" only account for clock-to-clock false paths and not path-based false paths. As a result, actual path counts may be lower than reported.


---------------
; Report TCCS ;
---------------
No dedicated SERDES Transmitter circuitry present in device or used in design


---------------
; Report RSKM ;
---------------
No non-DPA dedicated SERDES Receiver circuitry present in device or used in design


+------------------------------------------------+
; Unconstrained Paths Summary                    ;
+---------------------------------+-------+------+
; Property                        ; Setup ; Hold ;
+---------------------------------+-------+------+
; Illegal Clocks                  ; 0     ; 0    ;
; Unconstrained Clocks            ; 0     ; 0    ;
; Unconstrained Input Ports       ; 1     ; 1    ;
; Unconstrained Input Port Paths  ; 40    ; 40   ;
; Unconstrained Output Ports      ; 8     ; 8    ;
; Unconstrained Output Port Paths ; 21    ; 21   ;
+---------------------------------+-------+------+


+------------------------------------------------+
; Clock Status Summary                           ;
+-------------+-------------+------+-------------+
; Target      ; Clock       ; Type ; Status      ;
+-------------+-------------+------+-------------+
; clk_50      ; clk_50      ; Base ; Constrained ;
; clock_music ; clock_music ; Base ; Constrained ;
+-------------+-------------+------+-------------+


+---------------------------------------------------------------------------------------------------+
; Unconstrained Input Ports                                                                         ;
+------------+--------------------------------------------------------------------------------------+
; Input Port ; Comment                                                                              ;
+------------+--------------------------------------------------------------------------------------+
; resetn     ; No input delay, min/max delays, false-path exceptions, or max skew assignments found ;
+------------+--------------------------------------------------------------------------------------+


+-----------------------------------------------------------------------------------------------------+
; Unconstrained Output Ports                                                                          ;
+-------------+---------------------------------------------------------------------------------------+
; Output Port ; Comment                                                                               ;
+-------------+---------------------------------------------------------------------------------------+
; LED[0]      ; No output delay, min/max delays, false-path exceptions, or max skew assignments found ;
; LED[1]      ; No output delay, min/max delays, false-path exceptions, or max skew assignments found ;
; LED[2]      ; No output delay, min/max delays, false-path exceptions, or max skew assignments found ;
; LED[3]      ; No output delay, min/max delays, false-path exceptions, or max skew assignments found ;
; LED[4]      ; No output delay, min/max delays, false-path exceptions, or max skew assignments found ;
; LED[5]      ; No output delay, min/max delays, false-path exceptions, or max skew assignments found ;
; LED[6]      ; No output delay, min/max delays, false-path exceptions, or max skew assignments found ;
; toneOut     ; No output delay, min/max delays, false-path exceptions, or max skew assignments found ;
+-------------+---------------------------------------------------------------------------------------+


+---------------------------------------------------------------------------------------------------+
; Unconstrained Input Ports                                                                         ;
+------------+--------------------------------------------------------------------------------------+
; Input Port ; Comment                                                                              ;
+------------+--------------------------------------------------------------------------------------+
; resetn     ; No input delay, min/max delays, false-path exceptions, or max skew assignments found ;
+------------+--------------------------------------------------------------------------------------+


+-----------------------------------------------------------------------------------------------------+
; Unconstrained Output Ports                                                                          ;
+-------------+---------------------------------------------------------------------------------------+
; Output Port ; Comment                                                                               ;
+-------------+---------------------------------------------------------------------------------------+
; LED[0]      ; No output delay, min/max delays, false-path exceptions, or max skew assignments found ;
; LED[1]      ; No output delay, min/max delays, false-path exceptions, or max skew assignments found ;
; LED[2]      ; No output delay, min/max delays, false-path exceptions, or max skew assignments found ;
; LED[3]      ; No output delay, min/max delays, false-path exceptions, or max skew assignments found ;
; LED[4]      ; No output delay, min/max delays, false-path exceptions, or max skew assignments found ;
; LED[5]      ; No output delay, min/max delays, false-path exceptions, or max skew assignments found ;
; LED[6]      ; No output delay, min/max delays, false-path exceptions, or max skew assignments found ;
; toneOut     ; No output delay, min/max delays, false-path exceptions, or max skew assignments found ;
+-------------+---------------------------------------------------------------------------------------+


+--------------------------+
; Timing Analyzer Messages ;
+--------------------------+
Info: *******************************************************************
Info: Running Quartus Prime Timing Analyzer
    Info: Version 20.1.1 Build 720 11/11/2020 SJ Lite Edition
    Info: Processing started: Thu Apr 01 15:49:55 2021
Info: Command: quartus_sta MusicSynthesizer -c DUT
Info: qsta_default_script.tcl version: #1
Warning (18236): Number of processors has not been specified which may cause overloading on shared machines.  Set the global assignment NUM_PARALLEL_PROCESSORS in your QSF to an appropriate value for best performance.
Info (20030): Parallel compilation is enabled and will use 6 of the 6 processors detected
Info (21077): Low junction temperature is 0 degrees C
Info (21077): High junction temperature is 85 degrees C
Info (334003): Started post-fitting delay annotation
Info (334004): Delay annotation completed successfully
Critical Warning (332012): Synopsys Design Constraints File file not found: 'DUT.sdc'. A Synopsys Design Constraints File is required by the Timing Analyzer to get proper timing constraints. Without it, the Compiler will not properly optimize the design.
Info (332142): No user constrained base clocks found in the design. Calling "derive_clocks -period 1.0"
Info (332105): Deriving Clocks
    Info (332105): create_clock -period 1.000 -name clock_music clock_music
    Info (332105): create_clock -period 1.000 -name clk_50 clk_50
Info: Found TIMING_ANALYZER_REPORT_SCRIPT_INCLUDE_DEFAULT_ANALYSIS = ON
Info: Can't run Report Timing Closure Recommendations. The current device family is not supported.
Critical Warning (332148): Timing requirements not met
Info (332146): Worst-case setup slack is -13.352
    Info (332119):     Slack       End Point TNS Clock 
    Info (332119): ========= =================== =====================
    Info (332119):   -13.352            -419.701 clock_music 
    Info (332119):    -7.991           -1451.931 clk_50 
Info (332146): Worst-case hold slack is 1.660
    Info (332119):     Slack       End Point TNS Clock 
    Info (332119): ========= =================== =====================
    Info (332119):     1.660               0.000 clk_50 
    Info (332119):     2.144               0.000 clock_music 
Info (332140): No Recovery paths to report
Info (332140): No Removal paths to report
Info (332146): Worst-case minimum pulse width slack is -2.289
    Info (332119):     Slack       End Point TNS Clock 
    Info (332119): ========= =================== =====================
    Info (332119):    -2.289              -2.289 clk_50 
    Info (332119):     0.234               0.000 clock_music 
Info (332001): The selected device family is not supported by the report_metastability command.
Info (332102): Design is not fully constrained for setup requirements
Info (332102): Design is not fully constrained for hold requirements
Info: Quartus Prime Timing Analyzer was successful. 0 errors, 3 warnings
    Info: Peak virtual memory: 4680 megabytes
    Info: Processing ended: Thu Apr 01 15:49:56 2021
    Info: Elapsed time: 00:00:01
    Info: Total CPU time (on all processors): 00:00:01


