Analysis & Synthesis report for DUT
Sat Mar 06 13:04:50 2021
Quartus Prime Version 20.1.1 Build 720 11/11/2020 SJ Lite Edition


---------------------
; Table of Contents ;
---------------------
  1. Legal Notice
  2. Analysis & Synthesis Summary
  3. Analysis & Synthesis Settings
  4. Parallel Compilation
  5. Analysis & Synthesis Source Files Read
  6. Analysis & Synthesis Resource Usage Summary
  7. Analysis & Synthesis Resource Utilization by Entity
  8. General Register Statistics
  9. Port Connectivity Checks: "MY_MUX:add_instance|MY_DCR:f2|SixBitAdder:f0"
 10. Port Connectivity Checks: "MY_MUX:add_instance|MY_ADD:f1|SixBitAdder:f0"
 11. Port Connectivity Checks: "MY_MUX:add_instance|MY_MUL:f0|SixBitAdder:f7"
 12. Port Connectivity Checks: "MY_MUX:add_instance|MY_MUL:f0|SixBitAdder:f6"
 13. Port Connectivity Checks: "MY_MUX:add_instance|MY_MUL:f0|SixBitMul:f5"
 14. Analysis & Synthesis Messages



----------------
; Legal Notice ;
----------------
Copyright (C) 2020  Intel Corporation. All rights reserved.
Your use of Intel Corporation's design tools, logic functions 
and other software and tools, and any partner logic 
functions, and any output files from any of the foregoing 
(including device programming or simulation files), and any 
associated documentation or information are expressly subject 
to the terms and conditions of the Intel Program License 
Subscription Agreement, the Intel Quartus Prime License Agreement,
the Intel FPGA IP License Agreement, or other applicable license
agreement, including, without limitation, that your use is for
the sole purpose of programming logic devices manufactured by
Intel and sold by Intel or its authorized distributors.  Please
refer to the applicable agreement for further details, at
https://fpgasoftware.intel.com/eula.



+---------------------------------------------------------------------------+
; Analysis & Synthesis Summary                                              ;
+-----------------------------+---------------------------------------------+
; Analysis & Synthesis Status ; Successful - Sat Mar 06 13:04:50 2021       ;
; Quartus Prime Version       ; 20.1.1 Build 720 11/11/2020 SJ Lite Edition ;
; Revision Name               ; DUT                                         ;
; Top-level Entity Name       ; DUT                                         ;
; Family                      ; MAX V                                       ;
; Total logic elements        ; 22                                          ;
; Total pins                  ; 14                                          ;
; Total virtual pins          ; 0                                           ;
; UFM blocks                  ; 0 / 1 ( 0 % )                               ;
+-----------------------------+---------------------------------------------+


+------------------------------------------------------------------------------------------------------------+
; Analysis & Synthesis Settings                                                                              ;
+------------------------------------------------------------------+--------------------+--------------------+
; Option                                                           ; Setting            ; Default Value      ;
+------------------------------------------------------------------+--------------------+--------------------+
; Device                                                           ; 5M1270ZT144C5      ;                    ;
; Top-level entity name                                            ; DUT                ; DUT                ;
; Family name                                                      ; MAX V              ; Cyclone V          ;
; Use smart compilation                                            ; Off                ; Off                ;
; Enable parallel Assembler and Timing Analyzer during compilation ; On                 ; On                 ;
; Enable compact report table                                      ; Off                ; Off                ;
; Restructure Multiplexers                                         ; Auto               ; Auto               ;
; Create Debugging Nodes for IP Cores                              ; Off                ; Off                ;
; Preserve fewer node names                                        ; On                 ; On                 ;
; Intel FPGA IP Evaluation Mode                                    ; Enable             ; Enable             ;
; Verilog Version                                                  ; Verilog_2001       ; Verilog_2001       ;
; VHDL Version                                                     ; VHDL_1993          ; VHDL_1993          ;
; State Machine Processing                                         ; Auto               ; Auto               ;
; Safe State Machine                                               ; Off                ; Off                ;
; Extract Verilog State Machines                                   ; On                 ; On                 ;
; Extract VHDL State Machines                                      ; On                 ; On                 ;
; Ignore Verilog initial constructs                                ; Off                ; Off                ;
; Iteration limit for constant Verilog loops                       ; 5000               ; 5000               ;
; Iteration limit for non-constant Verilog loops                   ; 250                ; 250                ;
; Add Pass-Through Logic to Inferred RAMs                          ; On                 ; On                 ;
; Infer RAMs from Raw Logic                                        ; On                 ; On                 ;
; Parallel Synthesis                                               ; On                 ; On                 ;
; NOT Gate Push-Back                                               ; On                 ; On                 ;
; Power-Up Don't Care                                              ; On                 ; On                 ;
; Remove Redundant Logic Cells                                     ; Off                ; Off                ;
; Remove Duplicate Registers                                       ; On                 ; On                 ;
; Ignore CARRY Buffers                                             ; Off                ; Off                ;
; Ignore CASCADE Buffers                                           ; Off                ; Off                ;
; Ignore GLOBAL Buffers                                            ; Off                ; Off                ;
; Ignore ROW GLOBAL Buffers                                        ; Off                ; Off                ;
; Ignore LCELL Buffers                                             ; Off                ; Off                ;
; Ignore SOFT Buffers                                              ; On                 ; On                 ;
; Limit AHDL Integers to 32 Bits                                   ; Off                ; Off                ;
; Optimization Technique                                           ; Balanced           ; Balanced           ;
; Carry Chain Length                                               ; 70                 ; 70                 ;
; Auto Carry Chains                                                ; On                 ; On                 ;
; Auto Open-Drain Pins                                             ; On                 ; On                 ;
; Perform WYSIWYG Primitive Resynthesis                            ; Off                ; Off                ;
; Auto Shift Register Replacement                                  ; Auto               ; Auto               ;
; Allow Shift Register Merging across Hierarchies                  ; Auto               ; Auto               ;
; Auto Clock Enable Replacement                                    ; On                 ; On                 ;
; Allow Synchronous Control Signals                                ; On                 ; On                 ;
; Force Use of Synchronous Clear Signals                           ; Off                ; Off                ;
; Auto Resource Sharing                                            ; Off                ; Off                ;
; Use LogicLock Constraints during Resource Balancing              ; On                 ; On                 ;
; Ignore translate_off and synthesis_off directives                ; Off                ; Off                ;
; Report Parameter Settings                                        ; On                 ; On                 ;
; Report Source Assignments                                        ; On                 ; On                 ;
; Report Connectivity Checks                                       ; On                 ; On                 ;
; Ignore Maximum Fan-Out Assignments                               ; Off                ; Off                ;
; Synchronization Register Chain Length                            ; 2                  ; 2                  ;
; Power Optimization During Synthesis                              ; Normal compilation ; Normal compilation ;
; HDL message level                                                ; Level2             ; Level2             ;
; Suppress Register Optimization Related Messages                  ; Off                ; Off                ;
; Number of Removed Registers Reported in Synthesis Report         ; 5000               ; 5000               ;
; Number of Swept Nodes Reported in Synthesis Report               ; 5000               ; 5000               ;
; Number of Inverted Registers Reported in Synthesis Report        ; 100                ; 100                ;
; Clock MUX Protection                                             ; On                 ; On                 ;
; Block Design Naming                                              ; Auto               ; Auto               ;
; Synthesis Effort                                                 ; Auto               ; Auto               ;
; Shift Register Replacement - Allow Asynchronous Clear Signal     ; On                 ; On                 ;
; Analysis & Synthesis Message Level                               ; Medium             ; Medium             ;
; Disable Register Merging Across Hierarchies                      ; Auto               ; Auto               ;
+------------------------------------------------------------------+--------------------+--------------------+


+------------------------------------------+
; Parallel Compilation                     ;
+----------------------------+-------------+
; Processors                 ; Number      ;
+----------------------------+-------------+
; Number detected on machine ; 12          ;
; Maximum allowed            ; 6           ;
;                            ;             ;
; Average used               ; 1.00        ;
; Maximum used               ; 1           ;
;                            ;             ;
; Usage by Processor         ; % Time Used ;
;     Processor 1            ; 100.0%      ;
+----------------------------+-------------+


+-----------------------------------------------------------------------------------------------------------------------+
; Analysis & Synthesis Source Files Read                                                                                ;
+----------------------------------+-----------------+-----------------+--------------------------------------+---------+
; File Name with User-Entered Path ; Used in Netlist ; File Type       ; File Name with Absolute Path         ; Library ;
+----------------------------------+-----------------+-----------------+--------------------------------------+---------+
; Full_Adder.vhdl                  ; yes             ; User VHDL File  ; S:/EE214_Labs/Midsem/Full_Adder.vhdl ;         ;
; Gates.vhdl                       ; yes             ; User VHDL File  ; S:/EE214_Labs/Midsem/Gates.vhdl      ;         ;
; DUT.vhdl                         ; yes             ; User VHDL File  ; S:/EE214_Labs/Midsem/DUT.vhdl        ;         ;
; MY_MUL.vhd                       ; yes             ; User VHDL File  ; S:/EE214_Labs/Midsem/MY_MUL.vhd      ;         ;
; MY_MUX.vhd                       ; yes             ; User VHDL File  ; S:/EE214_Labs/Midsem/MY_MUX.vhd      ;         ;
; SixBitAdder.vhd                  ; yes             ; User VHDL File  ; S:/EE214_Labs/Midsem/SixBitAdder.vhd ;         ;
; MY_ADD.vhd                       ; yes             ; User VHDL File  ; S:/EE214_Labs/Midsem/MY_ADD.vhd      ;         ;
; MY_DCR.vhd                       ; yes             ; User VHDL File  ; S:/EE214_Labs/Midsem/MY_DCR.vhd      ;         ;
; MY_XOR.vhd                       ; yes             ; User VHDL File  ; S:/EE214_Labs/Midsem/MY_XOR.vhd      ;         ;
+----------------------------------+-----------------+-----------------+--------------------------------------+---------+


+---------------------------------------------------------------+
; Analysis & Synthesis Resource Usage Summary                   ;
+---------------------------------------------+-----------------+
; Resource                                    ; Usage           ;
+---------------------------------------------+-----------------+
; Total logic elements                        ; 22              ;
;     -- Combinational with no register       ; 22              ;
;     -- Register only                        ; 0               ;
;     -- Combinational with a register        ; 0               ;
;                                             ;                 ;
; Logic element usage by number of LUT inputs ;                 ;
;     -- 4 input functions                    ; 16              ;
;     -- 3 input functions                    ; 5               ;
;     -- 2 input functions                    ; 1               ;
;     -- 1 input functions                    ; 0               ;
;     -- 0 input functions                    ; 0               ;
;                                             ;                 ;
; Logic elements by mode                      ;                 ;
;     -- normal mode                          ; 22              ;
;     -- arithmetic mode                      ; 0               ;
;     -- qfbk mode                            ; 0               ;
;     -- register cascade mode                ; 0               ;
;     -- synchronous clear/load mode          ; 0               ;
;     -- asynchronous clear/load mode         ; 0               ;
;                                             ;                 ;
; Total registers                             ; 0               ;
; I/O pins                                    ; 14              ;
; Maximum fan-out node                        ; input_vector[1] ;
; Maximum fan-out                             ; 11              ;
; Total fan-out                               ; 87              ;
; Average fan-out                             ; 2.42            ;
+---------------------------------------------+-----------------+


+-----------------------------------------------------------------------------------------------------------------------------------------------------------------------------------------------------------------------------------------------------------------------------------------+
; Analysis & Synthesis Resource Utilization by Entity                                                                                                                                                                                                                                     ;
+-----------------------------+-------------+--------------+------------+------+--------------+--------------+-------------------+------------------+-----------------+------------+-------------------------------------------------------------------------+-------------+--------------+
; Compilation Hierarchy Node  ; Logic Cells ; LC Registers ; UFM Blocks ; Pins ; Virtual Pins ; LUT-Only LCs ; Register-Only LCs ; LUT/Register LCs ; Carry Chain LCs ; Packed LCs ; Full Hierarchy Name                                                     ; Entity Name ; Library Name ;
+-----------------------------+-------------+--------------+------------+------+--------------+--------------+-------------------+------------------+-----------------+------------+-------------------------------------------------------------------------+-------------+--------------+
; |DUT                        ; 22 (0)      ; 0            ; 0          ; 14   ; 0            ; 22 (0)       ; 0 (0)             ; 0 (0)            ; 0 (0)           ; 0 (0)      ; |DUT                                                                    ; DUT         ; work         ;
;    |MY_MUX:add_instance|    ; 22 (0)      ; 0            ; 0          ; 0    ; 0            ; 22 (0)       ; 0 (0)             ; 0 (0)            ; 0 (0)           ; 0 (0)      ; |DUT|MY_MUX:add_instance                                                ; MY_MUX      ; work         ;
;       |MY_ADD:f1|           ; 2 (0)       ; 0            ; 0          ; 0    ; 0            ; 2 (0)        ; 0 (0)             ; 0 (0)            ; 0 (0)           ; 0 (0)      ; |DUT|MY_MUX:add_instance|MY_ADD:f1                                      ; MY_ADD      ; work         ;
;          |SixBitAdder:f0|   ; 2 (0)       ; 0            ; 0          ; 0    ; 0            ; 2 (0)        ; 0 (0)             ; 0 (0)            ; 0 (0)           ; 0 (0)      ; |DUT|MY_MUX:add_instance|MY_ADD:f1|SixBitAdder:f0                       ; SixBitAdder ; work         ;
;             |Full_Adder:f1| ; 1 (0)       ; 0            ; 0          ; 0    ; 0            ; 1 (0)        ; 0 (0)             ; 0 (0)            ; 0 (0)           ; 0 (0)      ; |DUT|MY_MUX:add_instance|MY_ADD:f1|SixBitAdder:f0|Full_Adder:f1         ; Full_Adder  ; work         ;
;                |OR_2:o1|    ; 1 (1)       ; 0            ; 0          ; 0    ; 0            ; 1 (1)        ; 0 (0)             ; 0 (0)            ; 0 (0)           ; 0 (0)      ; |DUT|MY_MUX:add_instance|MY_ADD:f1|SixBitAdder:f0|Full_Adder:f1|OR_2:o1 ; OR_2        ; work         ;
;             |Full_Adder:f2| ; 1 (0)       ; 0            ; 0          ; 0    ; 0            ; 1 (0)        ; 0 (0)             ; 0 (0)            ; 0 (0)           ; 0 (0)      ; |DUT|MY_MUX:add_instance|MY_ADD:f1|SixBitAdder:f0|Full_Adder:f2         ; Full_Adder  ; work         ;
;                |OR_2:o1|    ; 1 (1)       ; 0            ; 0          ; 0    ; 0            ; 1 (1)        ; 0 (0)             ; 0 (0)            ; 0 (0)           ; 0 (0)      ; |DUT|MY_MUX:add_instance|MY_ADD:f1|SixBitAdder:f0|Full_Adder:f2|OR_2:o1 ; OR_2        ; work         ;
;       |MY_DCR:f2|           ; 1 (0)       ; 0            ; 0          ; 0    ; 0            ; 1 (0)        ; 0 (0)             ; 0 (0)            ; 0 (0)           ; 0 (0)      ; |DUT|MY_MUX:add_instance|MY_DCR:f2                                      ; MY_DCR      ; work         ;
;          |SixBitAdder:f0|   ; 1 (0)       ; 0            ; 0          ; 0    ; 0            ; 1 (0)        ; 0 (0)             ; 0 (0)            ; 0 (0)           ; 0 (0)      ; |DUT|MY_MUX:add_instance|MY_DCR:f2|SixBitAdder:f0                       ; SixBitAdder ; work         ;
;             |Full_Adder:f2| ; 1 (0)       ; 0            ; 0          ; 0    ; 0            ; 1 (0)        ; 0 (0)             ; 0 (0)            ; 0 (0)           ; 0 (0)      ; |DUT|MY_MUX:add_instance|MY_DCR:f2|SixBitAdder:f0|Full_Adder:f2         ; Full_Adder  ; work         ;
;                |OR_2:o1|    ; 1 (1)       ; 0            ; 0          ; 0    ; 0            ; 1 (1)        ; 0 (0)             ; 0 (0)            ; 0 (0)           ; 0 (0)      ; |DUT|MY_MUX:add_instance|MY_DCR:f2|SixBitAdder:f0|Full_Adder:f2|OR_2:o1 ; OR_2        ; work         ;
;       |MY_MUL:f0|           ; 1 (0)       ; 0            ; 0          ; 0    ; 0            ; 1 (0)        ; 0 (0)             ; 0 (0)            ; 0 (0)           ; 0 (0)      ; |DUT|MY_MUX:add_instance|MY_MUL:f0                                      ; MY_MUL      ; work         ;
;          |OR_2:f4|          ; 1 (1)       ; 0            ; 0          ; 0    ; 0            ; 1 (1)        ; 0 (0)             ; 0 (0)            ; 0 (0)           ; 0 (0)      ; |DUT|MY_MUX:add_instance|MY_MUL:f0|OR_2:f4                              ; OR_2        ; work         ;
;       |SixBitMUX:f4|        ; 18 (0)      ; 0            ; 0          ; 0    ; 0            ; 18 (0)       ; 0 (0)             ; 0 (0)            ; 0 (0)           ; 0 (0)      ; |DUT|MY_MUX:add_instance|SixBitMUX:f4                                   ; SixBitMUX   ; work         ;
;          |MUX:m1|           ; 1 (0)       ; 0            ; 0          ; 0    ; 0            ; 1 (0)        ; 0 (0)             ; 0 (0)            ; 0 (0)           ; 0 (0)      ; |DUT|MY_MUX:add_instance|SixBitMUX:f4|MUX:m1                            ; MUX         ; work         ;
;             |OR_2:f11|      ; 1 (1)       ; 0            ; 0          ; 0    ; 0            ; 1 (1)        ; 0 (0)             ; 0 (0)            ; 0 (0)           ; 0 (0)      ; |DUT|MY_MUX:add_instance|SixBitMUX:f4|MUX:m1|OR_2:f11                   ; OR_2        ; work         ;
;          |MUX:m2|           ; 2 (0)       ; 0            ; 0          ; 0    ; 0            ; 2 (0)        ; 0 (0)             ; 0 (0)            ; 0 (0)           ; 0 (0)      ; |DUT|MY_MUX:add_instance|SixBitMUX:f4|MUX:m2                            ; MUX         ; work         ;
;             |OR_2:f11|      ; 2 (2)       ; 0            ; 0          ; 0    ; 0            ; 2 (2)        ; 0 (0)             ; 0 (0)            ; 0 (0)           ; 0 (0)      ; |DUT|MY_MUX:add_instance|SixBitMUX:f4|MUX:m2|OR_2:f11                   ; OR_2        ; work         ;
;          |MUX:m3|           ; 3 (0)       ; 0            ; 0          ; 0    ; 0            ; 3 (0)        ; 0 (0)             ; 0 (0)            ; 0 (0)           ; 0 (0)      ; |DUT|MY_MUX:add_instance|SixBitMUX:f4|MUX:m3                            ; MUX         ; work         ;
;             |OR_2:f11|      ; 3 (3)       ; 0            ; 0          ; 0    ; 0            ; 3 (3)        ; 0 (0)             ; 0 (0)            ; 0 (0)           ; 0 (0)      ; |DUT|MY_MUX:add_instance|SixBitMUX:f4|MUX:m3|OR_2:f11                   ; OR_2        ; work         ;
;          |MUX:m4|           ; 6 (0)       ; 0            ; 0          ; 0    ; 0            ; 6 (0)        ; 0 (0)             ; 0 (0)            ; 0 (0)           ; 0 (0)      ; |DUT|MY_MUX:add_instance|SixBitMUX:f4|MUX:m4                            ; MUX         ; work         ;
;             |AND_2:b3|      ; 2 (2)       ; 0            ; 0          ; 0    ; 0            ; 2 (2)        ; 0 (0)             ; 0 (0)            ; 0 (0)           ; 0 (0)      ; |DUT|MY_MUX:add_instance|SixBitMUX:f4|MUX:m4|AND_2:b3                   ; AND_2       ; work         ;
;             |OR_2:f11|      ; 4 (4)       ; 0            ; 0          ; 0    ; 0            ; 4 (4)        ; 0 (0)             ; 0 (0)            ; 0 (0)           ; 0 (0)      ; |DUT|MY_MUX:add_instance|SixBitMUX:f4|MUX:m4|OR_2:f11                   ; OR_2        ; work         ;
;          |MUX:m5|           ; 4 (0)       ; 0            ; 0          ; 0    ; 0            ; 4 (0)        ; 0 (0)             ; 0 (0)            ; 0 (0)           ; 0 (0)      ; |DUT|MY_MUX:add_instance|SixBitMUX:f4|MUX:m5                            ; MUX         ; work         ;
;             |OR_2:f11|      ; 4 (4)       ; 0            ; 0          ; 0    ; 0            ; 4 (4)        ; 0 (0)             ; 0 (0)            ; 0 (0)           ; 0 (0)      ; |DUT|MY_MUX:add_instance|SixBitMUX:f4|MUX:m5|OR_2:f11                   ; OR_2        ; work         ;
;          |MUX:m6|           ; 2 (0)       ; 0            ; 0          ; 0    ; 0            ; 2 (0)        ; 0 (0)             ; 0 (0)            ; 0 (0)           ; 0 (0)      ; |DUT|MY_MUX:add_instance|SixBitMUX:f4|MUX:m6                            ; MUX         ; work         ;
;             |OR_2:f11|      ; 2 (2)       ; 0            ; 0          ; 0    ; 0            ; 2 (2)        ; 0 (0)             ; 0 (0)            ; 0 (0)           ; 0 (0)      ; |DUT|MY_MUX:add_instance|SixBitMUX:f4|MUX:m6|OR_2:f11                   ; OR_2        ; work         ;
+-----------------------------+-------------+--------------+------------+------+--------------+--------------+-------------------+------------------+-----------------+------------+-------------------------------------------------------------------------+-------------+--------------+
Note: For table entries with two numbers listed, the numbers in parentheses indicate the number of resources of the given type used by the specific entity alone. The numbers listed outside of parentheses indicate the total resources of the given type used by the specific entity and all of its sub-entities in the hierarchy.


+------------------------------------------------------+
; General Register Statistics                          ;
+----------------------------------------------+-------+
; Statistic                                    ; Value ;
+----------------------------------------------+-------+
; Total registers                              ; 0     ;
; Number of registers using Synchronous Clear  ; 0     ;
; Number of registers using Synchronous Load   ; 0     ;
; Number of registers using Asynchronous Clear ; 0     ;
; Number of registers using Asynchronous Load  ; 0     ;
; Number of registers using Clock Enable       ; 0     ;
; Number of registers using Preset             ; 0     ;
+----------------------------------------------+-------+


+-------------------------------------------------------------------------------------------------------------------+
; Port Connectivity Checks: "MY_MUX:add_instance|MY_DCR:f2|SixBitAdder:f0"                                          ;
+---------+--------+----------+-------------------------------------------------------------------------------------+
; Port    ; Type   ; Severity ; Details                                                                             ;
+---------+--------+----------+-------------------------------------------------------------------------------------+
; a[5..4] ; Input  ; Info     ; Stuck at GND                                                                        ;
; b       ; Input  ; Info     ; Stuck at VCC                                                                        ;
; cin     ; Input  ; Info     ; Stuck at GND                                                                        ;
; c       ; Output ; Info     ; Connected to dangling logic. Logic that only feeds a dangling port will be removed. ;
+---------+--------+----------+-------------------------------------------------------------------------------------+


+-------------------------------------------------------------------------------------------------------------------+
; Port Connectivity Checks: "MY_MUX:add_instance|MY_ADD:f1|SixBitAdder:f0"                                          ;
+---------+--------+----------+-------------------------------------------------------------------------------------+
; Port    ; Type   ; Severity ; Details                                                                             ;
+---------+--------+----------+-------------------------------------------------------------------------------------+
; a[5..4] ; Input  ; Info     ; Stuck at GND                                                                        ;
; b[5..4] ; Input  ; Info     ; Stuck at GND                                                                        ;
; cin     ; Input  ; Info     ; Stuck at GND                                                                        ;
; c       ; Output ; Info     ; Connected to dangling logic. Logic that only feeds a dangling port will be removed. ;
+---------+--------+----------+-------------------------------------------------------------------------------------+


+----------------------------------------------------------------------------------------------------------------+
; Port Connectivity Checks: "MY_MUX:add_instance|MY_MUL:f0|SixBitAdder:f7"                                       ;
+------+--------+----------+-------------------------------------------------------------------------------------+
; Port ; Type   ; Severity ; Details                                                                             ;
+------+--------+----------+-------------------------------------------------------------------------------------+
; c    ; Output ; Info     ; Connected to dangling logic. Logic that only feeds a dangling port will be removed. ;
+------+--------+----------+-------------------------------------------------------------------------------------+


+--------------------------------------------------------------------------+
; Port Connectivity Checks: "MY_MUX:add_instance|MY_MUL:f0|SixBitAdder:f6" ;
+------+-------+----------+------------------------------------------------+
; Port ; Type  ; Severity ; Details                                        ;
+------+-------+----------+------------------------------------------------+
; cin  ; Input ; Info     ; Stuck at GND                                   ;
+------+-------+----------+------------------------------------------------+


+------------------------------------------------------------------------+
; Port Connectivity Checks: "MY_MUX:add_instance|MY_MUL:f0|SixBitMul:f5" ;
+---------+-------+----------+-------------------------------------------+
; Port    ; Type  ; Severity ; Details                                   ;
+---------+-------+----------+-------------------------------------------+
; a[5..4] ; Input ; Info     ; Stuck at GND                              ;
+---------+-------+----------+-------------------------------------------+


+-------------------------------+
; Analysis & Synthesis Messages ;
+-------------------------------+
Info: *******************************************************************
Info: Running Quartus Prime Analysis & Synthesis
    Info: Version 20.1.1 Build 720 11/11/2020 SJ Lite Edition
    Info: Processing started: Sat Mar 06 13:04:30 2021
Info: Command: quartus_map --read_settings_files=on --write_settings_files=off Midsem -c DUT
Warning (18236): Number of processors has not been specified which may cause overloading on shared machines.  Set the global assignment NUM_PARALLEL_PROCESSORS in your QSF to an appropriate value for best performance.
Info (20030): Parallel compilation is enabled and will use 6 of the 6 processors detected
Info (12021): Found 2 design units, including 1 entities, in source file full_adder.vhdl
    Info (12022): Found design unit 1: Full_Adder-Struct File: S:/EE214_Labs/Midsem/Full_Adder.vhdl Line: 10
    Info (12023): Found entity 1: Full_Adder File: S:/EE214_Labs/Midsem/Full_Adder.vhdl Line: 7
Info (12021): Found 2 design units, including 1 entities, in source file testbench.vhdl
    Info (12022): Found design unit 1: Testbench-Behave File: S:/EE214_Labs/Midsem/Testbench.vhdl Line: 9
    Info (12023): Found entity 1: Testbench File: S:/EE214_Labs/Midsem/Testbench.vhdl Line: 7
Warning (12090): Entity "MUX" obtained from "Gates.vhdl" instead of from Quartus Prime megafunction library File: S:/EE214_Labs/Midsem/Gates.vhdl Line: 85
Info (12021): Found 23 design units, including 11 entities, in source file gates.vhdl
    Info (12022): Found design unit 1: Gates File: S:/EE214_Labs/Midsem/Gates.vhdl Line: 3
    Info (12022): Found design unit 2: MUX-Struct File: S:/EE214_Labs/Midsem/Gates.vhdl Line: 89
    Info (12022): Found design unit 3: SixBitMul-Struct File: S:/EE214_Labs/Midsem/Gates.vhdl Line: 117
    Info (12022): Found design unit 4: SixBitMUX-Struct File: S:/EE214_Labs/Midsem/Gates.vhdl Line: 138
    Info (12022): Found design unit 5: INVERTER-Equations File: S:/EE214_Labs/Midsem/Gates.vhdl Line: 155
    Info (12022): Found design unit 6: AND_2-Equations File: S:/EE214_Labs/Midsem/Gates.vhdl Line: 167
    Info (12022): Found design unit 7: NAND_2-Equations File: S:/EE214_Labs/Midsem/Gates.vhdl Line: 178
    Info (12022): Found design unit 8: OR_2-Equations File: S:/EE214_Labs/Midsem/Gates.vhdl Line: 189
    Info (12022): Found design unit 9: NOR_2-Equations File: S:/EE214_Labs/Midsem/Gates.vhdl Line: 200
    Info (12022): Found design unit 10: XOR_2-Equations File: S:/EE214_Labs/Midsem/Gates.vhdl Line: 212
    Info (12022): Found design unit 11: XNOR_2-Equations File: S:/EE214_Labs/Midsem/Gates.vhdl Line: 223
    Info (12022): Found design unit 12: HALF_ADDER-Equations File: S:/EE214_Labs/Midsem/Gates.vhdl Line: 234
    Info (12023): Found entity 1: MUX File: S:/EE214_Labs/Midsem/Gates.vhdl Line: 85
    Info (12023): Found entity 2: SixBitMul File: S:/EE214_Labs/Midsem/Gates.vhdl Line: 113
    Info (12023): Found entity 3: SixBitMUX File: S:/EE214_Labs/Midsem/Gates.vhdl Line: 134
    Info (12023): Found entity 4: INVERTER File: S:/EE214_Labs/Midsem/Gates.vhdl Line: 152
    Info (12023): Found entity 5: AND_2 File: S:/EE214_Labs/Midsem/Gates.vhdl Line: 163
    Info (12023): Found entity 6: NAND_2 File: S:/EE214_Labs/Midsem/Gates.vhdl Line: 174
    Info (12023): Found entity 7: OR_2 File: S:/EE214_Labs/Midsem/Gates.vhdl Line: 185
    Info (12023): Found entity 8: NOR_2 File: S:/EE214_Labs/Midsem/Gates.vhdl Line: 196
    Info (12023): Found entity 9: XOR_2 File: S:/EE214_Labs/Midsem/Gates.vhdl Line: 208
    Info (12023): Found entity 10: XNOR_2 File: S:/EE214_Labs/Midsem/Gates.vhdl Line: 219
    Info (12023): Found entity 11: HALF_ADDER File: S:/EE214_Labs/Midsem/Gates.vhdl Line: 230
Info (12021): Found 2 design units, including 1 entities, in source file fourbitadder.vhd
    Info (12022): Found design unit 1: FourBitAdder-Struct File: S:/EE214_Labs/Midsem/FourBitAdder.vhd Line: 11
    Info (12023): Found entity 1: FourBitAdder File: S:/EE214_Labs/Midsem/FourBitAdder.vhd Line: 7
Info (12021): Found 2 design units, including 1 entities, in source file dut.vhdl
    Info (12022): Found design unit 1: DUT-DutWrap File: S:/EE214_Labs/Midsem/DUT.vhdl Line: 12
    Info (12023): Found entity 1: DUT File: S:/EE214_Labs/Midsem/DUT.vhdl Line: 7
Info (12021): Found 2 design units, including 1 entities, in source file my_mul.vhd
    Info (12022): Found design unit 1: MY_MUL-Struct File: S:/EE214_Labs/Midsem/MY_MUL.vhd Line: 8
    Info (12023): Found entity 1: MY_MUL File: S:/EE214_Labs/Midsem/MY_MUL.vhd Line: 5
Info (12021): Found 2 design units, including 1 entities, in source file my_mux.vhd
    Info (12022): Found design unit 1: MY_MUX-Struct File: S:/EE214_Labs/Midsem/MY_MUX.vhd Line: 8
    Info (12023): Found entity 1: MY_MUX File: S:/EE214_Labs/Midsem/MY_MUX.vhd Line: 5
Info (12021): Found 2 design units, including 1 entities, in source file sixbitadder.vhd
    Info (12022): Found design unit 1: SixBitAdder-Struct File: S:/EE214_Labs/Midsem/SixBitAdder.vhd Line: 11
    Info (12023): Found entity 1: SixBitAdder File: S:/EE214_Labs/Midsem/SixBitAdder.vhd Line: 7
Info (12021): Found 2 design units, including 1 entities, in source file my_add.vhd
    Info (12022): Found design unit 1: MY_ADD-Struct File: S:/EE214_Labs/Midsem/MY_ADD.vhd Line: 8
    Info (12023): Found entity 1: MY_ADD File: S:/EE214_Labs/Midsem/MY_ADD.vhd Line: 5
Info (12021): Found 2 design units, including 1 entities, in source file my_dcr.vhd
    Info (12022): Found design unit 1: MY_DCR-Struct File: S:/EE214_Labs/Midsem/MY_DCR.vhd Line: 8
    Info (12023): Found entity 1: MY_DCR File: S:/EE214_Labs/Midsem/MY_DCR.vhd Line: 5
Info (12021): Found 2 design units, including 1 entities, in source file my_xor.vhd
    Info (12022): Found design unit 1: MY_XOR-Struct File: S:/EE214_Labs/Midsem/MY_XOR.vhd Line: 8
    Info (12023): Found entity 1: MY_XOR File: S:/EE214_Labs/Midsem/MY_XOR.vhd Line: 5
Info (12127): Elaborating entity "DUT" for the top level hierarchy
Info (12128): Elaborating entity "MY_MUX" for hierarchy "MY_MUX:add_instance" File: S:/EE214_Labs/Midsem/DUT.vhdl Line: 20
Info (12128): Elaborating entity "MY_MUL" for hierarchy "MY_MUX:add_instance|MY_MUL:f0" File: S:/EE214_Labs/Midsem/MY_MUX.vhd Line: 11
Warning (10036): Verilog HDL or VHDL warning at MY_MUL.vhd(9): object "C1" assigned a value but never read File: S:/EE214_Labs/Midsem/MY_MUL.vhd Line: 9
Info (12128): Elaborating entity "AND_2" for hierarchy "MY_MUX:add_instance|MY_MUL:f0|AND_2:f0" File: S:/EE214_Labs/Midsem/MY_MUL.vhd Line: 12
Info (12128): Elaborating entity "OR_2" for hierarchy "MY_MUX:add_instance|MY_MUL:f0|OR_2:f3" File: S:/EE214_Labs/Midsem/MY_MUL.vhd Line: 15
Info (12128): Elaborating entity "SixBitMul" for hierarchy "MY_MUX:add_instance|MY_MUL:f0|SixBitMul:f5" File: S:/EE214_Labs/Midsem/MY_MUL.vhd Line: 22
Info (12128): Elaborating entity "SixBitAdder" for hierarchy "MY_MUX:add_instance|MY_MUL:f0|SixBitAdder:f6" File: S:/EE214_Labs/Midsem/MY_MUL.vhd Line: 23
Info (12128): Elaborating entity "Full_Adder" for hierarchy "MY_MUX:add_instance|MY_MUL:f0|SixBitAdder:f6|Full_Adder:f0" File: S:/EE214_Labs/Midsem/SixBitAdder.vhd Line: 15
Info (12128): Elaborating entity "HALF_ADDER" for hierarchy "MY_MUX:add_instance|MY_MUL:f0|SixBitAdder:f6|Full_Adder:f0|HALF_ADDER:ha" File: S:/EE214_Labs/Midsem/Full_Adder.vhdl Line: 14
Info (12128): Elaborating entity "XOR_2" for hierarchy "MY_MUX:add_instance|MY_MUL:f0|SixBitAdder:f6|Full_Adder:f0|XOR_2:x1" File: S:/EE214_Labs/Midsem/Full_Adder.vhdl Line: 22
Info (12128): Elaborating entity "MY_ADD" for hierarchy "MY_MUX:add_instance|MY_ADD:f1" File: S:/EE214_Labs/Midsem/MY_MUX.vhd Line: 12
Warning (10036): Verilog HDL or VHDL warning at MY_ADD.vhd(9): object "C0" assigned a value but never read File: S:/EE214_Labs/Midsem/MY_ADD.vhd Line: 9
Info (12128): Elaborating entity "MY_DCR" for hierarchy "MY_MUX:add_instance|MY_DCR:f2" File: S:/EE214_Labs/Midsem/MY_MUX.vhd Line: 13
Warning (10036): Verilog HDL or VHDL warning at MY_DCR.vhd(9): object "C0" assigned a value but never read File: S:/EE214_Labs/Midsem/MY_DCR.vhd Line: 9
Info (12128): Elaborating entity "MY_XOR" for hierarchy "MY_MUX:add_instance|MY_XOR:f3" File: S:/EE214_Labs/Midsem/MY_MUX.vhd Line: 14
Info (12128): Elaborating entity "SixBitMUX" for hierarchy "MY_MUX:add_instance|SixBitMUX:f4" File: S:/EE214_Labs/Midsem/MY_MUX.vhd Line: 15
Info (12128): Elaborating entity "MUX" for hierarchy "MY_MUX:add_instance|SixBitMUX:f4|MUX:m1" File: S:/EE214_Labs/Midsem/Gates.vhdl Line: 141
Info (12128): Elaborating entity "INVERTER" for hierarchy "MY_MUX:add_instance|SixBitMUX:f4|MUX:m1|INVERTER:b0" File: S:/EE214_Labs/Midsem/Gates.vhdl Line: 92
Info (21057): Implemented 36 device resources after synthesis - the final resource count might be different
    Info (21058): Implemented 8 input pins
    Info (21059): Implemented 6 output pins
    Info (21061): Implemented 22 logic cells
Info: Quartus Prime Analysis & Synthesis was successful. 0 errors, 5 warnings
    Info: Peak virtual memory: 4761 megabytes
    Info: Processing ended: Sat Mar 06 13:04:51 2021
    Info: Elapsed time: 00:00:21
    Info: Total CPU time (on all processors): 00:00:59


